Mplus VERSION 8.6 (Linux)
MUTHEN & MUTHEN
07/17/2023   9:12 AM

INPUT INSTRUCTIONS


  DATA: FILE = data Spring 2020.dat;
  VARIABLE:
  NAMES = id age gender race1 race2 race3 race4 race5 race6 race7 timestamp local_date
       SurveyNumber Day_Number has_data t0 t_cen t_hr cond_tail cond_basic phone video
       text interact relat caredfor respected supported resp conn LS1_pre LS2_pre
       LS3_pre LS4_pre LS5_pre LS_pre LS1_post LS2_post LS3_post LS4_post LS5_post
       LS_post Path1_pre Agen1_pre Path2_pre Path3_pre Path4_pre Agen2_pre Agen3_pre
       Agen4_pre Agency_pre Pathways_pre Hope_pre Path1_post Agen1_post Path2_post
       Path3_post Path4_post Agen2_post Agen3_post Agen4_post Agency_post
       Pathways_post Hope_post female;
  MISSING=.;

  USEVAR = caredfor respected supported;

  CLUSTER = id;

  ANALYSIS:
  TYPE = TWOLEVEL;
  ESTIMATOR = MLR;

  MODEL:
  %WITHIN%
  resp_w BY caredfor* (lw1)
          respected (lw2)
          supported (lw3);

  resp_w@1;

  caredfor (vw1);
  respected (vw2);
  supported (vw3);

  %BETWEEN%
  resp_b BY caredfor* (lb1)
          respected (lb2)
          supported (lb3);

  resp_b@1;

  caredfor (vb1);
  respected (vb2);
  supported (vb3);

  OUTPUT: STDYX SAMPSTAT;

  MODEL CONSTRAINT:

  NEW(W_om, B_om);


  !WITHIN
  W_om = ((lw1+lw2+lw3)**2)/
  ((vw1+vw2+vw3)
  +(lw1+lw2+lw3)**2);

  !Between

  B_om = ((lb1+lb2+lb3)**2)/
  ((vb1+vb2+vb3)
  +(lb1+lb2+lb3)**2);



*** WARNING in VARIABLE command
  Note that only the first 8 characters of variable names are used in the output.
  Shorten variable names to avoid any confusion.
*** WARNING
  One or more individual-level variables have no variation within a
  cluster for the following clusters.

     Variable   Cluster IDs with no within-cluster variation

      CAREDFOR    19305 19532 19878
      RESPECTE    19305 19532 19878 19294
      SUPPORTE    19305 19532 19878

*** WARNING
  Data set contains cases with missing on all variables.
  These cases were not included in the analysis.
  Number of cases with missing on all variables:  3842
   3 WARNING(S) FOUND IN THE INPUT INSTRUCTIONS




SUMMARY OF ANALYSIS

Number of groups                                                 1
Number of observations                                        3358

Number of dependent variables                                    3
Number of independent variables                                  0
Number of continuous latent variables                            2

Observed dependent variables

  Continuous
   CAREDFOR    RESPECTED   SUPPORTED

Continuous latent variables
   RESP_W      RESP_B

Variables with special functions

  Cluster variable      ID

Estimator                                                      MLR
Information matrix                                        OBSERVED
Maximum number of iterations                                   100
Convergence criterion                                    0.100D-05
Maximum number of EM iterations                                500
Convergence criteria for the EM algorithm
  Loglikelihood change                                   0.100D-02
  Relative loglikelihood change                          0.100D-05
  Derivative                                             0.100D-03
Minimum variance                                         0.100D-03
Maximum number of steepest descent iterations                   20
Maximum number of iterations for H1                           2000
Convergence criterion for H1                             0.100D-03
Optimization algorithm                                         EMA

Input data file(s)
  data Spring 2020.dat
Input data format  FREE


SUMMARY OF DATA

     Number of missing data patterns             2
     Number of clusters                        120

     Average cluster size       27.983

     Estimated Intraclass Correlations for the Y Variables

                Intraclass              Intraclass              Intraclass
     Variable  Correlation   Variable  Correlation   Variable  Correlation

     CAREDFOR     0.313      RESPECTE     0.336      SUPPORTE     0.319



COVARIANCE COVERAGE OF DATA

Minimum covariance coverage value   0.100


     PROPORTION OF DATA PRESENT


           Covariance Coverage
              CAREDFOR      RESPECTE      SUPPORTE
              ________      ________      ________
 CAREDFOR       1.000
 RESPECTE       1.000         1.000
 SUPPORTE       1.000         1.000         1.000


SAMPLE STATISTICS

NOTE:  The sample statistics for within and between refer to the
       maximum-likelihood estimated within and between covariance
       matrices, respectively.


     ESTIMATED SAMPLE STATISTICS FOR WITHIN


           Means
              CAREDFOR      RESPECTE      SUPPORTE
              ________      ________      ________
                0.000         0.000         0.000


           Covariances
              CAREDFOR      RESPECTE      SUPPORTE
              ________      ________      ________
 CAREDFOR       0.779
 RESPECTE       0.606         0.691
 SUPPORTE       0.671         0.635         0.757


           Correlations
              CAREDFOR      RESPECTE      SUPPORTE
              ________      ________      ________
 CAREDFOR       1.000
 RESPECTE       0.826         1.000
 SUPPORTE       0.874         0.878         1.000


     ESTIMATED SAMPLE STATISTICS FOR BETWEEN


           Means
              CAREDFOR      RESPECTE      SUPPORTE
              ________      ________      ________
                3.651         3.704         3.700


           Covariances
              CAREDFOR      RESPECTE      SUPPORTE
              ________      ________      ________
 CAREDFOR       0.355
 RESPECTE       0.340         0.349
 SUPPORTE       0.350         0.346         0.355


           Correlations
              CAREDFOR      RESPECTE      SUPPORTE
              ________      ________      ________
 CAREDFOR       1.000
 RESPECTE       0.966         1.000
 SUPPORTE       0.986         0.982         1.000


     MAXIMUM LOG-LIKELIHOOD VALUE FOR THE UNRESTRICTED (H1) MODEL IS -8058.071


UNIVARIATE SAMPLE STATISTICS


     UNIVARIATE HIGHER-ORDER MOMENT DESCRIPTIVE STATISTICS

         Variable/         Mean/     Skewness/   Minimum/ % with                Percentiles
        Sample Size      Variance    Kurtosis    Maximum  Min/Max      20%/60%    40%/80%    Median

     CAREDFOR              3.654      -0.494       1.000    3.84%       3.000      3.000      4.000
            3358.000       1.127      -0.292       5.000   24.60%       4.000      5.000
     RESPECTED             3.707      -0.523       1.000    3.04%       3.000      3.000      4.000
            3357.000       1.030      -0.140       5.000   24.43%       4.000      5.000
     SUPPORTED             3.700      -0.549       1.000    3.72%       3.000      3.000      4.000
            3357.000       1.102      -0.177       5.000   25.74%       4.000      5.000


THE MODEL ESTIMATION TERMINATED NORMALLY

     WARNING:  THE RESIDUAL COVARIANCE MATRIX (THETA) IS NOT POSITIVE DEFINITE.
     THIS COULD INDICATE A NEGATIVE VARIANCE/RESIDUAL VARIANCE FOR AN OBSERVED
     VARIABLE, A CORRELATION GREATER OR EQUAL TO ONE BETWEEN TWO OBSERVED
     VARIABLES, OR A LINEAR DEPENDENCY AMONG MORE THAN TWO OBSERVED VARIABLES.
     CHECK THE RESULTS SECTION FOR MORE INFORMATION.



MODEL FIT INFORMATION

Number of Free Parameters                       15

Loglikelihood

          H0 Value                       -8058.071
          H0 Scaling Correction Factor      5.4202
            for MLR
          H1 Value                       -8058.071
          H1 Scaling Correction Factor      5.4202
            for MLR

Information Criteria

          Akaike (AIC)                   16146.142
          Bayesian (BIC)                 16237.928
          Sample-Size Adjusted BIC       16190.266
            (n* = (n + 2) / 24)

Chi-Square Test of Model Fit

          Value                              0.000*
          Degrees of Freedom                     0
          P-Value                           1.0000
          Scaling Correction Factor         1.0000
            for MLR

*   The chi-square value for MLM, MLMV, MLR, ULSMV, WLSM and WLSMV cannot be used
    for chi-square difference testing in the regular way.  MLM, MLR and WLSM
    chi-square difference testing is described on the Mplus website.  MLMV, WLSMV,
    and ULSMV difference testing is done using the DIFFTEST option.

RMSEA (Root Mean Square Error Of Approximation)

          Estimate                           0.000

CFI/TLI

          CFI                                1.000
          TLI                                1.000

Chi-Square Test of Model Fit for the Baseline Model

          Value                           1057.645
          Degrees of Freedom                     6
          P-Value                           0.0000

SRMR (Standardized Root Mean Square Residual)

          Value for Within                   0.000
          Value for Between                  0.000



MODEL RESULTS

                                                    Two-Tailed
                    Estimate       S.E.  Est./S.E.    P-Value

Within Level

 RESP_W   BY
    CAREDFOR           0.800      0.025     32.205      0.000
    RESPECTED          0.757      0.025     30.395      0.000
    SUPPORTED          0.839      0.026     31.862      0.000

 Variances
    RESP_W             1.000      0.000    999.000    999.000

 Residual Variances
    CAREDFOR           0.138      0.018      7.490      0.000
    RESPECTED          0.118      0.015      7.854      0.000
    SUPPORTED          0.054      0.010      5.313      0.000

Between Level

 RESP_B   BY
    CAREDFOR           0.587      0.040     14.515      0.000
    RESPECTED          0.580      0.041     14.110      0.000
    SUPPORTED          0.597      0.037     15.966      0.000

 Intercepts
    CAREDFOR           3.651      0.057     64.031      0.000
    RESPECTED          3.704      0.056     65.716      0.000
    SUPPORTED          3.700      0.057     64.902      0.000

 Variances
    RESP_B             1.000      0.000    999.000    999.000

 Residual Variances
    CAREDFOR           0.011      0.003      3.393      0.001
    RESPECTED          0.013      0.009      1.443      0.149
    SUPPORTED         -0.001      0.003     -0.407      0.684

New/Additional Parameters
    W_OM               0.949      0.006    172.318      0.000
    B_OM               0.993      0.003    322.986      0.000


QUALITY OF NUMERICAL RESULTS

     Condition Number for the Information Matrix              0.173E-06
       (ratio of smallest to largest eigenvalue)


STANDARDIZED MODEL RESULTS


STDYX Standardization

                                                    Two-Tailed
                    Estimate       S.E.  Est./S.E.    P-Value

Within Level

 RESP_W   BY
    CAREDFOR           0.907      0.012     78.677      0.000
    RESPECTED          0.911      0.011     82.910      0.000
    SUPPORTED          0.964      0.007    142.305      0.000

 Variances
    RESP_W             1.000      0.000    999.000    999.000

 Residual Variances
    CAREDFOR           0.177      0.021      8.485      0.000
    RESPECTED          0.170      0.020      8.513      0.000
    SUPPORTED          0.071      0.013      5.435      0.000

Between Level

 RESP_B   BY
    CAREDFOR           0.984      0.005    196.811      0.000
    RESPECTED          0.981      0.014     71.136      0.000
    SUPPORTED          1.002      0.004    257.375      0.000

 Intercepts
    CAREDFOR           6.124      0.411     14.890      0.000
    RESPECTED          6.268      0.423     14.833      0.000
    SUPPORTED          6.210      0.389     15.977      0.000

 Variances
    RESP_B             1.000      0.000    999.000    999.000

 Residual Variances
    CAREDFOR           0.031      0.010      3.125      0.002
    RESPECTED          0.038      0.027      1.410      0.159
    SUPPORTED         -0.003    999.000    999.000    999.000


R-SQUARE

Within Level

    Observed                                        Two-Tailed
    Variable        Estimate       S.E.  Est./S.E.    P-Value

    CAREDFOR           0.823      0.021     39.338      0.000
    RESPECTE           0.830      0.020     41.455      0.000
    SUPPORTE           0.929      0.013     71.152      0.000

Between Level

    Observed                                        Two-Tailed
    Variable        Estimate       S.E.  Est./S.E.    P-Value

    CAREDFOR           0.969      0.010     98.406      0.000
    RESPECTE           0.962      0.027     35.568      0.000
    SUPPORTE        Undefined   0.10032E+01


     Beginning Time:  09:12:05
        Ending Time:  09:12:06
       Elapsed Time:  00:00:01



MUTHEN & MUTHEN
3463 Stoner Ave.
Los Angeles, CA  90066

Tel: (310) 391-9971
Fax: (310) 391-8971
Web: www.StatModel.com
Support: Support@StatModel.com

Copyright (c) 1998-2021 Muthen & Muthen
