Mplus VERSION 8.6 (Linux)
MUTHEN & MUTHEN
07/17/2023   9:12 AM

INPUT INSTRUCTIONS


  DATA: FILE = data Spring 2020.dat;
  VARIABLE:
  NAMES = id age gender race1 race2 race3 race4 race5 race6 race7 timestamp local_date
       SurveyNumber Day_Number has_data t0 t_cen t_hr cond_tail cond_basic phone video
       text interact relat caredfor respected supported resp conn LS1_pre LS2_pre
       LS3_pre LS4_pre LS5_pre LS_pre LS1_post LS2_post LS3_post LS4_post LS5_post
       LS_post Path1_pre Agen1_pre Path2_pre Path3_pre Path4_pre Agen2_pre Agen3_pre
       Agen4_pre Agency_pre Pathways_pre Hope_pre Path1_post Agen1_post Path2_post
       Path3_post Path4_post Agen2_post Agen3_post Agen4_post Agency_post
       Pathways_post Hope_post female;
  MISSING=.;

  USEVAR = resp conn relat Hope_pre LS_pre Hope_post LS_post;

  CLUSTER = id;

  BETWEEN = Hope_pre LS_pre Hope_post LS_post;

  ANALYSIS:
  TYPE = TWOLEVEL;
  ESTIMATOR = MLR;

  MODEL:
  %WITHIN%
  resp - relat WITH resp - relat;

  %BETWEEN%
  resp - LS_post WITH resp - LS_post;

  OUTPUT: STDYX SAMPSTAT;



*** WARNING in VARIABLE command
  Note that only the first 8 characters of variable names are used in the output.
  Shorten variable names to avoid any confusion.
*** WARNING
  One or more individual-level variables have no variation within a
  cluster for the following clusters.

     Variable   Cluster IDs with no within-cluster variation

      RESP        19305 19532 19878
      RELAT       19219 19224 19228 19294 19295 19297 19305 19307 19309 19379 19532 19759 19760
                  19857 19861 19878

*** WARNING
  Data set contains cases with missing on all variables.
  These cases were not included in the analysis.
  Number of cases with missing on all variables:  44
   3 WARNING(S) FOUND IN THE INPUT INSTRUCTIONS




SUMMARY OF ANALYSIS

Number of groups                                                 1
Number of observations                                        7156

Number of dependent variables                                    7
Number of independent variables                                  0
Number of continuous latent variables                            0

Observed dependent variables

  Continuous
   HOPE_PRE    LS_PRE      HOPE_POST   LS_POST     RESP        CONN
   RELAT

Variables with special functions

  Cluster variable      ID

  Between variables
   HOPE_PRE    LS_PRE      HOPE_POS    LS_POST


Estimator                                                      MLR
Information matrix                                        OBSERVED
Maximum number of iterations                                   100
Convergence criterion                                    0.100D-05
Maximum number of EM iterations                                500
Convergence criteria for the EM algorithm
  Loglikelihood change                                   0.100D-02
  Relative loglikelihood change                          0.100D-05
  Derivative                                             0.100D-03
Minimum variance                                         0.100D-03
Maximum number of steepest descent iterations                   20
Maximum number of iterations for H1                           2000
Convergence criterion for H1                             0.100D-03
Optimization algorithm                                         EMA

Input data file(s)
  data Spring 2020.dat
Input data format  FREE


SUMMARY OF DATA

     Number of missing data patterns            36
     Number of clusters                        120

     Average cluster size       59.633

     Estimated Intraclass Correlations for the Y Variables

                Intraclass              Intraclass              Intraclass
     Variable  Correlation   Variable  Correlation   Variable  Correlation

     RESP         0.323      CONN         0.344      RELAT        0.108



COVARIANCE COVERAGE OF DATA

Minimum covariance coverage value   0.100


     PROPORTION OF DATA PRESENT


           Covariance Coverage
              HOPE_PRE      LS_PRE        HOPE_POS      LS_POST       RESP
              ________      ________      ________      ________      ________
 HOPE_PRE       0.964
 LS_PRE         0.931         0.931
 HOPE_POS       0.847         0.830         0.872
 LS_POST        0.880         0.847         0.864         0.906
 RESP           0.452         0.435         0.420         0.430         0.469
 CONN           0.778         0.751         0.720         0.740         0.440
 RELAT          0.432         0.415         0.400         0.410         0.445


           Covariance Coverage
              CONN          RELAT
              ________      ________
 CONN           0.806
 RELAT          0.444         0.449


SAMPLE STATISTICS

NOTE:  The sample statistics for within and between refer to the
       maximum-likelihood estimated within and between covariance
       matrices, respectively.


     ESTIMATED SAMPLE STATISTICS FOR WITHIN


           Means
              HOPE_PRE      LS_PRE        HOPE_POS      LS_POST       RESP
              ________      ________      ________      ________      ________
                0.000         0.000         0.000         0.000         0.000


           Means
              CONN          RELAT
              ________      ________
                0.000         0.000


           Covariances
              HOPE_PRE      LS_PRE        HOPE_POS      LS_POST       RESP
              ________      ________      ________      ________      ________
 HOPE_PRE       0.000
 LS_PRE         0.000         0.000
 HOPE_POS       0.000         0.000         0.000
 LS_POST        0.000         0.000         0.000         0.000
 RESP           0.000         0.000         0.000         0.000         0.694
 CONN           0.000         0.000         0.000         0.000         0.468
 RELAT          0.000         0.000         0.000         0.000         0.267


           Covariances
              CONN          RELAT
              ________      ________
 CONN           1.950
 RELAT          0.156         1.547


           Correlations
              HOPE_PRE      LS_PRE        HOPE_POS      LS_POST       RESP
              ________      ________      ________      ________      ________
 HOPE_PRE       0.000
 LS_PRE         0.000         0.000
 HOPE_POS       0.000         0.000         0.000
 LS_POST        0.000         0.000         0.000         0.000
 RESP           0.000         0.000         0.000         0.000         1.000
 CONN           0.000         0.000         0.000         0.000         0.402
 RELAT          0.000         0.000         0.000         0.000         0.258


           Correlations
              CONN          RELAT
              ________      ________
 CONN           1.000
 RELAT          0.090         1.000


     ESTIMATED SAMPLE STATISTICS FOR BETWEEN


           Means
              HOPE_PRE      LS_PRE        HOPE_POS      LS_POST       RESP
              ________      ________      ________      ________      ________
                3.856         3.450         3.764         3.507         3.554


           Means
              CONN          RELAT
              ________      ________
                4.262         6.436


           Covariances
              HOPE_PRE      LS_PRE        HOPE_POS      LS_POST       RESP
              ________      ________      ________      ________      ________
 HOPE_PRE       0.163
 LS_PRE         0.165         0.621
 HOPE_POS       0.119         0.183         0.192
 LS_POST        0.124         0.467         0.172         0.609
 RESP           0.085         0.202         0.086         0.128         0.331
 CONN           0.146         0.209         0.183         0.189         0.264
 RELAT          0.025         0.033         0.004         0.021         0.063


           Covariances
              CONN          RELAT
              ________      ________
 CONN           1.024
 RELAT          0.133         0.188


           Correlations
              HOPE_PRE      LS_PRE        HOPE_POS      LS_POST       RESP
              ________      ________      ________      ________      ________
 HOPE_PRE       1.000
 LS_PRE         0.519         1.000
 HOPE_POS       0.674         0.530         1.000
 LS_POST        0.394         0.759         0.502         1.000
 RESP           0.367         0.444         0.342         0.286         1.000
 CONN           0.357         0.262         0.413         0.239         0.453
 RELAT          0.141         0.096         0.024         0.062         0.254


           Correlations
              CONN          RELAT
              ________      ________
 CONN           1.000
 RELAT          0.303         1.000


     MAXIMUM LOG-LIKELIHOOD VALUE FOR THE UNRESTRICTED (H1) MODEL IS -19815.884


UNIVARIATE SAMPLE STATISTICS


     UNIVARIATE HIGHER-ORDER MOMENT DESCRIPTIVE STATISTICS

         Variable/         Mean/     Skewness/   Minimum/ % with                Percentiles
        Sample Size      Variance    Kurtosis    Maximum  Min/Max      20%/60%    40%/80%    Median

     HOPE_PRE              3.860       0.102       3.000    2.61%       3.500      3.750      3.875
             115.000       0.162       0.180       5.000    1.74%       4.000      4.250
     LS_PRE                3.450      -0.367       1.000    0.90%       2.800      3.200      3.600
             111.000       0.615       0.057       5.000    3.60%       3.600      4.200
     HOPE_POST             3.760       0.123       2.750    1.92%       3.375      3.625      3.812
             104.000       0.191       0.522       5.000    1.92%       3.875      4.000
     LS_POST               3.491      -0.261       1.600    0.93%       2.800      3.400      3.600
             108.000       0.608      -0.546       5.000    4.63%       3.800      4.200
     RESP                  3.687      -0.464       1.000    2.29%       3.000      3.333      4.000
            3358.000       1.012      -0.254       5.000   22.75%       4.000      5.000
     CONN                  4.223      -0.016       1.000    8.07%       3.000      4.000      4.000
            5765.000       2.999      -0.677       7.000   14.97%       4.000      6.000
     RELAT                 6.493      -2.772       1.000    2.09%       7.000      7.000      7.000
            3213.000       1.720       7.000       7.000   83.22%       7.000      7.000


THE MODEL ESTIMATION TERMINATED NORMALLY



MODEL FIT INFORMATION

Number of Free Parameters                       41

Loglikelihood

          H0 Value                      -19815.884
          H0 Scaling Correction Factor      1.8071
            for MLR
          H1 Value                      -19815.884
          H1 Scaling Correction Factor      1.8071
            for MLR

Information Criteria

          Akaike (AIC)                   39713.769
          Bayesian (BIC)                 39995.672
          Sample-Size Adjusted BIC       39865.384
            (n* = (n + 2) / 24)

Chi-Square Test of Model Fit

          Value                              0.000*
          Degrees of Freedom                     0
          P-Value                           0.0000
          Scaling Correction Factor         1.0000
            for MLR

*   The chi-square value for MLM, MLMV, MLR, ULSMV, WLSM and WLSMV cannot be used
    for chi-square difference testing in the regular way.  MLM, MLR and WLSM
    chi-square difference testing is described on the Mplus website.  MLMV, WLSMV,
    and ULSMV difference testing is done using the DIFFTEST option.

RMSEA (Root Mean Square Error Of Approximation)

          Estimate                           0.000

CFI/TLI

          CFI                                1.000
          TLI                                1.000

Chi-Square Test of Model Fit for the Baseline Model

          Value                            737.326
          Degrees of Freedom                    24
          P-Value                           0.0000

SRMR (Standardized Root Mean Square Residual)

          Value for Within                   0.000
          Value for Between                  0.000



MODEL RESULTS

                                                    Two-Tailed
                    Estimate       S.E.  Est./S.E.    P-Value

Within Level

 RESP     WITH
    CONN               0.468      0.041     11.387      0.000
    RELAT              0.267      0.039      6.943      0.000

 CONN     WITH
    RELAT              0.156      0.041      3.782      0.000

 Variances
    RESP               0.694      0.041     17.095      0.000
    CONN               1.950      0.118     16.532      0.000
    RELAT              1.547      0.127     12.144      0.000

Between Level

 RESP     WITH
    CONN               0.264      0.071      3.714      0.000
    RELAT              0.063      0.038      1.682      0.093
    HOPE_PRE           0.085      0.026      3.301      0.001
    LS_PRE             0.202      0.049      4.078      0.000
    HOPE_POST          0.086      0.029      2.957      0.003
    LS_POST            0.128      0.046      2.768      0.006

 CONN     WITH
    RELAT              0.133      0.062      2.136      0.033
    HOPE_PRE           0.146      0.048      3.015      0.003
    LS_PRE             0.209      0.084      2.501      0.012
    HOPE_POST          0.183      0.052      3.536      0.000
    LS_POST            0.189      0.076      2.473      0.013

 RELAT    WITH
    HOPE_PRE           0.025      0.024      1.041      0.298
    LS_PRE             0.033      0.040      0.815      0.415
    HOPE_POST          0.004      0.024      0.184      0.854
    LS_POST            0.021      0.042      0.495      0.621

 HOPE_PRE WITH
    LS_PRE             0.165      0.035      4.759      0.000
    HOPE_POST          0.119      0.023      5.220      0.000
    LS_POST            0.124      0.034      3.672      0.000

 LS_PRE   WITH
    HOPE_POST          0.183      0.038      4.764      0.000
    LS_POST            0.467      0.073      6.417      0.000

 HOPE_POS WITH
    LS_POST            0.172      0.036      4.770      0.000

 Means
    HOPE_PRE           3.856      0.037    102.910      0.000
    LS_PRE             3.450      0.073     47.039      0.000
    HOPE_POST          3.764      0.042     89.573      0.000
    LS_POST            3.507      0.073     47.759      0.000
    RESP               3.554      0.057     62.855      0.000
    CONN               4.262      0.094     45.175      0.000
    RELAT              6.436      0.049    130.713      0.000

 Variances
    HOPE_PRE           0.163      0.022      7.298      0.000
    LS_PRE             0.621      0.083      7.461      0.000
    HOPE_POST          0.192      0.029      6.643      0.000
    LS_POST            0.609      0.070      8.691      0.000
    RESP               0.331      0.045      7.411      0.000
    CONN               1.024      0.149      6.890      0.000
    RELAT              0.188      0.067      2.810      0.005


QUALITY OF NUMERICAL RESULTS

     Condition Number for the Information Matrix              0.606E-04
       (ratio of smallest to largest eigenvalue)


STANDARDIZED MODEL RESULTS


STDYX Standardization

                                                    Two-Tailed
                    Estimate       S.E.  Est./S.E.    P-Value

Within Level

 RESP     WITH
    CONN               0.402      0.024     16.808      0.000
    RELAT              0.258      0.029      8.799      0.000

 CONN     WITH
    RELAT              0.090      0.023      3.888      0.000

 Variances
    RESP               1.000      0.000    999.000    999.000
    CONN               1.000      0.000    999.000    999.000
    RELAT              1.000      0.000    999.000    999.000

Between Level

 RESP     WITH
    CONN               0.452      0.097      4.651      0.000
    RELAT              0.254      0.131      1.942      0.052
    HOPE_PRE           0.367      0.090      4.059      0.000
    LS_PRE             0.444      0.082      5.414      0.000
    HOPE_POST          0.342      0.099      3.469      0.001
    LS_POST            0.286      0.090      3.168      0.002

 CONN     WITH
    RELAT              0.303      0.130      2.321      0.020
    HOPE_PRE           0.357      0.104      3.428      0.001
    LS_PRE             0.262      0.094      2.793      0.005
    HOPE_POST          0.413      0.101      4.106      0.000
    LS_POST            0.239      0.087      2.762      0.006

 RELAT    WITH
    HOPE_PRE           0.141      0.123      1.145      0.252
    LS_PRE             0.096      0.119      0.808      0.419
    HOPE_POST          0.024      0.127      0.186      0.852
    LS_POST            0.062      0.123      0.504      0.614

 HOPE_PRE WITH
    LS_PRE             0.519      0.072      7.203      0.000
    HOPE_POST          0.674      0.065     10.381      0.000
    LS_POST            0.394      0.090      4.386      0.000

 LS_PRE   WITH
    HOPE_POST          0.530      0.074      7.200      0.000
    LS_POST            0.759      0.057     13.320      0.000

 HOPE_POS WITH
    LS_POST            0.502      0.066      7.606      0.000

 Means
    HOPE_PRE           9.547      0.654     14.596      0.000
    LS_PRE             4.378      0.329     13.293      0.000
    HOPE_POST          8.588      0.646     13.302      0.000
    LS_POST            4.495      0.291     15.446      0.000
    RESP               6.175      0.411     15.035      0.000
    CONN               4.213      0.286     14.742      0.000
    RELAT             14.860      2.724      5.455      0.000

 Variances
    HOPE_PRE           1.000      0.000    999.000    999.000
    LS_PRE             1.000      0.000    999.000    999.000
    HOPE_POST          1.000      0.000    999.000    999.000
    LS_POST            1.000      0.000    999.000    999.000
    RESP               1.000      0.000    999.000    999.000
    CONN               1.000      0.000    999.000    999.000
    RELAT              1.000      0.000    999.000    999.000


R-SQUARE

Within Level

Between Level


     Beginning Time:  09:12:06
        Ending Time:  09:12:06
       Elapsed Time:  00:00:00



MUTHEN & MUTHEN
3463 Stoner Ave.
Los Angeles, CA  90066

Tel: (310) 391-9971
Fax: (310) 391-8971
Web: www.StatModel.com
Support: Support@StatModel.com

Copyright (c) 1998-2021 Muthen & Muthen
