Mplus VERSION 8.6 (Linux)
MUTHEN & MUTHEN
07/17/2023   9:12 AM

INPUT INSTRUCTIONS

  DATA: FILE = data Spring 2020.dat;
  VARIABLE:
  NAMES = id age gender race1 race2 race3 race4 race5 race6 race7 timestamp local_date
       SurveyNumber Day_Number has_data t0 t_cen t_hr cond_tail cond_basic phone video
       text interact relat caredfor respected supported resp conn LS1_pre LS2_pre
       LS3_pre LS4_pre LS5_pre LS_pre LS1_post LS2_post LS3_post LS4_post LS5_post
       LS_post Path1_pre Agen1_pre Path2_pre Path3_pre Path4_pre Agen2_pre Agen3_pre
       Agen4_pre Agency_pre Pathways_pre Hope_pre Path1_post Agen1_post Path2_post
       Path3_post Path4_post Agen2_post Agen3_post Agen4_post Agency_post
       Pathways_post Hope_post female;
  MISSING=.;

  USEVAR =    resp conn relat phone video text cond_tail cond_basic
              Hope_post LS_post
              Hope_pre LS_pre female;

  BETWEEN =   Hope_post LS_post Hope_pre LS_pre cond_tail cond_basic female;

  CLUSTER = id;

  USEOBSERVATIONS = interact==1;
  CATEGORICAL = phone video text;

  LAGGED = resp (1) conn (1);
  TINTERVAL = t_hr(2);



  ANALYSIS:
  TYPE = TWOLEVEL RANDOM;
  ESTIMATOR = BAYES;
  FBITERATIONS = 3000;
  THIN = 20;

  MODEL:

  %WITHIN%
  arc | conn ON conn&1;
  arr | resp ON resp&1;

  conr | conn ON resp;
  ronc | resp ON conn&1;

  lvcon | conn;
  lvres | resp;

  ! covariates
  conn ON relat phone video text;
  resp ON relat phone video text;


  %BETWEEN%

  Hope_post ON conn (b1)
      resp (c11);
  LS_post ON conn (b2)
      resp (c21);

  conn ON resp (a1)
      Hope_pre LS_pre;

  resp WITH Hope_pre LS_pre;
  Hope_pre WITH LS_pre;


  ! covariates
  Hope_post ON Hope_pre relat phone video text cond_tail cond_basic female;
  LS_post ON LS_pre relat phone video text cond_tail cond_basic female;
  conn ON relat phone video text cond_tail cond_basic female;


  ! Residual covariance
  Hope_post WITH LS_post;

  MODEL constraint:
  NEW (i_ho_m i_ls_m);

  i_ho_m = b1*a1;

  i_ls_m = b2*a1;

  OUTPUT: TECH1 TECH8 STDYX;
  PLOT: TYPE = PLOT3;
  FACTORS = ALL;









*** WARNING in VARIABLE command
  Note that only the first 8 characters of variable names are used in the output.
  Shorten variable names to avoid any confusion.
*** WARNING in MODEL command
  In the MODEL command, the following variable is an x-variable on the BETWEEN
  level and a y-variable on the WITHIN level.  This variable will be treated
  as a y-variable on both levels:  RESP
*** WARNING in PLOT command
  Note that only the first 8 characters of variable names are used in plots.
  If variable names are not unique within the first 8 characters, problems
  may occur.
*** WARNING
  One or more individual-level variables have no variation within a
  cluster for the following clusters.

     Variable   Cluster IDs with no within-cluster variation

      PHONE       19305 19759 19532 19872 19387 19519 19306 19375 19860 19868 19199 19221 19755
                  19224 19773 19858 19508 19511 19521 19882 19762 19302 19383 19525 19529 19295
                  19296 19509 19758 19888 19381 19304 19520 19769 19875 19877 19881 19885 19889
                  19297 19767 19309 19374 19229 19863 19377 19239 19524 19219 19303 19182 19876
                  19294 19534 19183 19887 19228 19760 19862 19756 19865 19242 19300 19507 19879
                  19772 19234 19373
      VIDEO       19305 19759 19532 19387 19868 19871 19755 19224 19302 19529 19295 19307 19878
                  19888 19531 19889 19524 19294 19884 19228 19857
      TEXT        19305 19759 19532 19870 19871 19224 19773 19858 19866 19246 19301 19517 19302
                  19383 19529 19509 19878 19888 19381 19216 19506 19875 19298 19881 19885 19309
                  19514 19229 19239 19294 19503 19228 19235 19865 19504 19770 19530
      RESP        19305 19532 19878 19881
      CONN        19532 19309
      RELAT       19305 19759 19532 19224 19295 19307 19878 19297 19309 19219 19294 19228 19760
                  19379 19857
      RESP&1      19305 19878 19881
      CONN&1      19309

   4 WARNING(S) FOUND IN THE INPUT INSTRUCTIONS




SUMMARY OF ANALYSIS

Number of groups                                                 1
Number of observations                                       12812

Number of dependent variables                                    4
Number of independent variables                                 11
Number of continuous latent variables                            6

Observed dependent variables

  Continuous
   HOPE_POST   LS_POST     RESP        CONN

  Binary and ordered categorical (ordinal)
   PHONE       VIDEO       TEXT

Observed independent variables
   RELAT       PHONE       VIDEO       TEXT        COND_TAI    COND_BAS
   HOPE_PRE    LS_PRE      FEMALE      RESP&1      CONN&1

Continuous latent variables
   ARC         ARR         CONR        RONC        LVCON       LVRES

Variables with special functions

  Cluster variable      ID

  Within variables
   RESP&1      CONN&1

  Between variables
   COND_TAI    COND_BAS    HOPE_POS    LS_POST     HOPE_PRE    LS_PRE
   FEMALE


Estimator                                                    BAYES
Specifications for Bayesian Estimation
  Point estimate                                            MEDIAN
  Number of Markov chain Monte Carlo (MCMC) chains               2
  Random seed for the first chain                                0
  Starting value information                           UNPERTURBED
  Algorithm used for Markov chain Monte Carlo           GIBBS(PX1)
  Fixed number of iterations                                  3000
  K-th iteration used for thinning                              20
Link                                                        PROBIT
Specifications for Bayes Factor Score Estimation
  Number of imputed data sets                                   50
  Iteration intervals for thinning                               1

Input data file(s)
  data Spring 2020.dat
Input data format  FREE


SUMMARY OF DATA

     Number of clusters                        119

       Size (s)    Cluster ID with Size s

          4        19305
         48        19759
         49        19245
         60        19532
         75        19533
         89        19870 19872
         96        19387
         99        19519 19306
        100        19428
        107        19375 19860
        108        19189 19868 19199 19871 19378
        109        19221 19753 19755 19224 19773 19858 19859 19508 19866
                   19511 19186 19521 19246 19882
        110        19301 19762 19517 19302 19383 19525 19529 19295 19296
                   19307 19509 19873 19878 19758 19888
        111        19381 19864 19304 19308 19520 19216 19506 19769 19875
                   19877 19298 19881 19531 19885 19380 19889
        112        19297 19765 19766 19767 19309 19771 19374 19775 19514
                   19229 19376 19863 19377 19239 19524 19219 19526 19303
                   19182 19385 19876 19294 19534 19419 19183 19884 19503
                   19887 19228 19760
        113        19512 19235 19862 19187 19756 19865 19518 19242 19225
                   19761 19502 19300 19874 19504 19379 19768 19507 19879
                   19770 19530 19883 19772 19231 19234 19857 19373



SUMMARY OF MISSING DATA PATTERNS

     Number of missing data patterns            61


     MISSING DATA PATTERNS (x = not missing)

           1  2  3  4  5  6  7  8  9 10 11 12 13 14 15 16 17 18 19 20
 PHONE     x  x  x     x  x              x              x        x  x
 VIDEO     x  x  x     x  x              x              x        x  x
 TEXT      x  x  x     x  x              x              x        x  x
 HOPE_POS  x  x                    x  x           x  x              x
 LS_POST   x  x                    x  x           x  x  x  x  x  x  x
 HOPE_PRE  x  x  x  x  x  x  x  x  x  x  x  x  x  x  x  x  x  x  x  x
 LS_PRE    x  x  x  x  x  x  x  x  x  x  x  x  x  x  x  x  x  x  x  x
 RESP      x  x  x     x  x                             x        x  x
 CONN      x  x  x  x  x  x              x     x  x     x        x
 RELAT     x  x  x  x  x  x              x     x  x     x        x  x
 RESP&1    x        x     x  x     x              x        x     x  x
 CONN&1    x        x  x  x  x     x        x     x  x     x     x  x
 COND_TAI  x  x  x  x  x  x  x  x  x  x  x  x  x  x  x  x  x  x  x  x
 COND_BAS  x  x  x  x  x  x  x  x  x  x  x  x  x  x  x  x  x  x  x  x
 FEMALE    x  x  x  x  x  x  x  x  x  x  x  x  x  x  x  x  x  x  x  x

          21 22 23 24 25 26 27 28 29 30 31 32 33 34 35 36 37 38 39 40
 PHONE        x  x     x     x     x  x  x  x  x        x     x     x
 VIDEO        x  x     x     x     x  x  x  x  x        x     x     x
 TEXT         x  x     x     x     x  x  x  x  x        x     x     x
 HOPE_POS  x  x                    x  x  x  x  x  x  x  x  x  x  x
 LS_POST   x  x                    x  x  x  x  x  x  x  x  x  x  x
 HOPE_PRE  x  x                    x  x  x  x  x  x  x  x  x  x  x
 LS_PRE    x  x                    x  x  x  x                    x
 RESP            x     x           x     x  x  x              x
 CONN         x  x     x     x     x  x     x  x        x     x  x  x
 RELAT        x  x     x     x     x  x  x  x  x        x     x     x
 RESP&1    x  x     x  x                    x     x           x  x  x
 CONN&1       x     x  x        x  x              x        x  x  x  x
 COND_TAI  x  x  x  x  x  x  x  x  x  x  x  x  x  x  x  x  x  x  x  x
 COND_BAS  x  x  x  x  x  x  x  x  x  x  x  x  x  x  x  x  x  x  x  x
 FEMALE    x  x  x  x  x  x  x  x  x  x  x  x  x  x  x  x  x  x  x  x

          41 42 43 44 45 46 47 48 49 50 51 52 53 54 55 56 57 58 59 60
 PHONE     x        x  x  x  x        x     x  x              x     x
 VIDEO     x        x  x  x  x        x     x  x              x     x
 TEXT      x        x  x  x  x        x     x  x              x     x
 HOPE_POS  x  x  x  x  x                    x  x  x  x  x  x     x  x
 LS_POST   x  x  x  x  x  x  x  x  x                    x  x     x  x
 HOPE_PRE              x  x  x  x  x  x  x  x  x  x  x  x  x  x  x  x
 LS_PRE                x              x  x  x  x  x  x  x  x  x
 RESP      x        x  x  x  x        x     x  x                    x
 CONN      x        x     x  x              x  x        x  x  x  x  x
 RELAT     x        x  x  x  x        x     x  x        x     x  x  x
 RESP&1       x     x        x  x     x  x     x  x           x  x
 CONN&1       x     x  x     x  x     x        x  x           x  x  x
 COND_TAI  x  x  x  x  x  x  x  x  x  x  x  x  x  x  x  x  x  x  x  x
 COND_BAS  x  x  x  x  x  x  x  x  x  x  x  x  x  x  x  x  x  x  x  x
 FEMALE    x  x  x  x  x  x  x  x  x  x  x  x  x  x  x  x  x  x  x  x

          61
 PHONE     x
 VIDEO     x
 TEXT      x
 HOPE_POS  x
 LS_POST   x
 HOPE_PRE  x
 LS_PRE
 RESP
 CONN      x
 RELAT     x
 RESP&1    x
 CONN&1    x
 COND_TAI  x
 COND_BAS  x
 FEMALE    x


     MISSING DATA PATTERN FREQUENCIES

    Pattern   Frequency     Pattern   Frequency     Pattern   Frequency
          1        1360          22           5          43         212
          2        1264          23          22          44          36
          3          96          24          19          45           1
          4           1          25          17          46          34
          5           2          26         157          47          17
          6          96          27           1          48          32
          7          86          28           2          49         139
          8         608          29           7          50           1
          9        1165          30           8          51           1
         10        6608          31          10          52          10
         11           3          32           6          53          21
         12           5          33          30          54           9
         13           2          34          28          55          72
         14           1          35         124          56           2
         15          12          36           1          57           1
         16          35          37           1          58           1
         17          32          38          34          59           1
         18         246          39           4          60           2
         19          17          40           1          61           1
         20           7          41          44
         21          11          42          41


COVARIANCE COVERAGE OF DATA

Minimum covariance coverage value   0.100


     PROPORTION OF DATA PRESENT


           Covariance Coverage
              PHONE         VIDEO         TEXT          HOPE_POS      LS_POST
              ________      ________      ________      ________      ________
 PHONE          0.249
 VIDEO          0.249         0.249
 TEXT           0.249         0.249         0.249
 HOPE_POS       0.222         0.222         0.222         0.869
 LS_POST        0.228         0.228         0.228         0.861         0.904
 HOPE_PRE       0.240         0.240         0.240         0.843         0.878
 LS_PRE         0.230         0.230         0.230         0.826         0.843
 RESP           0.247         0.247         0.247         0.221         0.227
 CONN           0.248         0.248         0.248         0.222         0.227
 RELAT          0.249         0.249         0.249         0.223         0.228
 COND_TAI       0.249         0.249         0.249         0.869         0.904
 COND_BAS       0.249         0.249         0.249         0.869         0.904
 FEMALE         0.249         0.249         0.249         0.869         0.904


           Covariance Coverage
              HOPE_PRE      LS_PRE        RESP          CONN          RELAT
              ________      ________      ________      ________      ________
 HOPE_PRE       0.957
 LS_PRE         0.922         0.922
 RESP           0.238         0.229         0.247
 CONN           0.239         0.230         0.246         0.248
 RELAT          0.240         0.231         0.247         0.248         0.250
 COND_TAI       0.957         0.922         0.247         0.248         0.250
 COND_BAS       0.957         0.922         0.247         0.248         0.250
 FEMALE         0.957         0.922         0.247         0.248         0.250


           Covariance Coverage
              COND_TAI      COND_BAS      FEMALE
              ________      ________      ________
 COND_TAI       1.000
 COND_BAS       1.000         1.000
 FEMALE         1.000         1.000         1.000


UNIVARIATE PROPORTIONS AND COUNTS FOR CATEGORICAL VARIABLES

    PHONE
      Category 1    0.955         3048.000
      Category 2    0.045          142.000
    VIDEO
      Category 1    0.864         2757.000
      Category 2    0.136          433.000
    TEXT
      Category 1    0.861         2746.000
      Category 2    0.139          444.000



UNIVARIATE SAMPLE STATISTICS


     UNIVARIATE HIGHER-ORDER MOMENT DESCRIPTIVE STATISTICS

         Variable/         Mean/     Skewness/   Minimum/ % with                Percentiles
        Sample Size      Variance    Kurtosis    Maximum  Min/Max      20%/60%    40%/80%    Median

     HOPE_POST             3.767       0.130       2.750    1.94%       3.375      3.625      3.875
             103.000       0.187       0.599       5.000    1.94%       3.875      4.000
     LS_POST               3.495      -0.277       1.600    0.93%       2.800      3.400      3.600
             107.000       0.611      -0.546       5.000    4.67%       3.800      4.200
     HOPE_PRE              3.868       0.141       3.000    1.75%       3.500      3.750      3.875
             114.000       0.157       0.212       5.000    1.75%       4.000      4.250
     LS_PRE                3.455      -0.381       1.000    0.91%       2.800      3.200      3.600
             110.000       0.619       0.054       5.000    3.64%       3.600      4.200
     RESP                  3.681      -0.466       1.000    2.37%       3.000      3.333      4.000
            3169.000       1.019      -0.255       5.000   22.59%       4.000      5.000
     CONN                  4.847      -0.125       1.000    1.82%       4.000      4.000      5.000
            3183.000       2.267      -0.597       7.000   20.64%       5.000      7.000
     RELAT                 6.492      -2.770       1.000    2.10%       7.000      7.000      7.000
            3197.000       1.724       6.981       7.000   83.20%       7.000      7.000
     COND_TAIL             0.361       0.577       0.000   63.87%       0.000      0.000      0.000
             119.000       0.231      -1.667       1.000   36.13%       0.000      1.000
     COND_BASIC            0.286       0.949       0.000   71.43%       0.000      0.000      0.000
             119.000       0.204      -1.100       1.000   28.57%       0.000      1.000
     FEMALE                0.807      -1.554       0.000   19.33%       1.000      1.000      1.000
             119.000       0.156       0.413       1.000   80.67%       1.000      1.000


     WARNING: PROBLEMS OCCURRED IN SEVERAL ITERATIONS IN THE COMPUTATION OF THE STANDARDIZED ESTIMATES FOR SEVERAL
     CLUSTERS. THIS IS MOST LIKELY DUE TO AR COEFFICIENTS GREATER THAN 1 OR PARAMETERS GIVING NON-STATIONARY MODELS.
     SUCH POSTERIOR DRAWS ARE REMOVED. THE FOLLOWING CLUSTERS HAD SUCH PROBLEMS:
          19305 19759 19532 19872

THE MODEL ESTIMATION TERMINATED NORMALLY

     USE THE FBITERATIONS OPTION TO INCREASE THE NUMBER OF ITERATIONS BY A FACTOR
     OF AT LEAST TWO TO CHECK CONVERGENCE AND THAT THE PSR VALUE DOES NOT INCREASE.



MODEL FIT INFORMATION

Number of Free Parameters                              72



MODEL RESULTS

                                Posterior  One-Tailed         95% C.I.
                    Estimate       S.D.      P-Value   Lower 2.5%  Upper 2.5%  Significance

Within Level

 CONN       ON
    RELAT             -0.022       0.014      0.063      -0.049       0.006
    PHONE              0.000       0.007      0.495      -0.013       0.013
    VIDEO              0.000       0.007      0.490      -0.013       0.013
    TEXT              -0.011       0.007      0.050      -0.026       0.002

 RESP       ON
    RELAT              0.163       0.012      0.000       0.138       0.187      *
    PHONE              0.023       0.017      0.091      -0.010       0.057
    VIDEO              0.032       0.016      0.021       0.002       0.064      *
    TEXT               0.007       0.015      0.339      -0.023       0.038

 Variances
    RELAT              1.552       0.040      0.000       1.474       1.631      *

Between Level

 HOPE_POST  ON
    CONN               0.173       0.058      0.001       0.062       0.292      *
    RESP              -0.023       0.072      0.370      -0.158       0.120
    HOPE_PRE           0.588       0.088      0.000       0.421       0.761      *
    RELAT             -0.056       0.110      0.298      -0.282       0.159
    PHONE              0.028       0.045      0.268      -0.056       0.119
    VIDEO              0.040       0.059      0.250      -0.074       0.153
    TEXT               0.128       0.048      0.005       0.031       0.222      *
    COND_TAIL          0.030       0.077      0.357      -0.119       0.187
    COND_BASIC         0.095       0.088      0.140      -0.075       0.267
    FEMALE            -0.124       0.092      0.092      -0.307       0.059

 LS_POST    ON
    CONN               0.143       0.093      0.061      -0.039       0.325
    RESP              -0.128       0.117      0.138      -0.357       0.099
    LS_PRE             0.748       0.079      0.000       0.589       0.901      *
    RELAT              0.008       0.185      0.482      -0.359       0.379
    PHONE              0.013       0.074      0.433      -0.132       0.155
    VIDEO              0.003       0.095      0.483      -0.180       0.199
    TEXT               0.183       0.079      0.012       0.022       0.334      *
    COND_TAIL          0.129       0.126      0.149      -0.118       0.372
    COND_BASIC         0.125       0.142      0.191      -0.152       0.404
    FEMALE            -0.004       0.145      0.491      -0.299       0.283

 CONN       ON
    RESP               0.647       0.138      0.000       0.374       0.919      *
    HOPE_PRE           0.407       0.201      0.022       0.007       0.796      *
    LS_PRE             0.004       0.110      0.483      -0.214       0.218
    RELAT              0.185       0.214      0.181      -0.221       0.611
    PHONE             -0.048       0.096      0.305      -0.237       0.137
    VIDEO             -0.087       0.123      0.244      -0.325       0.151
    TEXT              -0.137       0.095      0.067      -0.327       0.045
    COND_TAIL         -0.167       0.161      0.152      -0.479       0.155
    COND_BASIC        -0.068       0.171      0.342      -0.396       0.263
    FEMALE            -0.187       0.180      0.141      -0.547       0.159

 RESP     WITH
    HOPE_PRE           0.080       0.027      0.001       0.032       0.137      *
    LS_PRE             0.214       0.058      0.000       0.114       0.345      *

 HOPE_PRE WITH
    LS_PRE             0.175       0.039      0.000       0.109       0.262      *

 HOPE_POS WITH
    LS_POST            0.022       0.021      0.130      -0.017       0.065

 Means
    HOPE_PRE           3.863       0.038      0.000       3.790       3.937      *
    LS_PRE             3.458       0.077      0.000       3.302       3.602      *
    RESP               3.684       0.059      0.000       3.565       3.797      *
    RELAT              6.473       0.046      0.000       6.382       6.562      *
    ARC                0.254       0.029      0.000       0.196       0.308      *
    ARR                0.132       0.032      0.000       0.070       0.195      *
    CONR               0.496       0.037      0.000       0.424       0.569      *
    RONC               0.059       0.017      0.000       0.025       0.093      *
    LVCON              0.000       0.090      0.499      -0.172       0.177
    LVRES             -0.690       0.070      0.000      -0.829      -0.548      *

 Intercepts
    HOPE_POST          1.175       0.735      0.052      -0.254       2.611
    LS_POST            0.590       1.151      0.295      -1.804       2.860
    CONN              -0.134       1.515      0.465      -3.106       2.797

 Thresholds
    PHONE$1            2.284       0.113      0.000       2.065       2.501      *
    VIDEO$1            1.318       0.099      0.000       1.125       1.514      *
    TEXT$1             1.445       0.101      0.000       1.267       1.658      *

 Variances
    HOPE_PRE           0.168       0.024      0.000       0.130       0.224      *
    LS_PRE             0.677       0.096      0.000       0.526       0.892      *
    RESP               0.378       0.059      0.000       0.285       0.512      *
    RELAT              0.190       0.034      0.000       0.133       0.266      *
    ARC                0.030       0.011      0.000       0.012       0.056      *
    ARR                0.029       0.012      0.000       0.009       0.057      *
    CONR               0.068       0.018      0.000       0.041       0.109      *
    RONC               0.004       0.003      0.000       0.001       0.013      *
    LVCON              0.812       0.115      0.000       0.631       1.079      *
    LVRES              0.451       0.083      0.000       0.319       0.644      *

 Residual Variances
    HOPE_POST          0.094       0.017      0.000       0.068       0.133      *
    LS_POST            0.264       0.045      0.000       0.195       0.370      *
    CONN               0.425       0.073      0.000       0.307       0.591      *

New/Additional Parameters
    I_HO_M             0.109       0.044      0.001       0.036       0.212      *
    I_LS_M             0.088       0.065      0.061      -0.022       0.228


STANDARDIZED MODEL RESULTS


STDYX Standardization

                                Posterior  One-Tailed         95% C.I.
                    Estimate       S.D.      P-Value   Lower 2.5%  Upper 2.5%  Significance

Within-Level Standardized Estimates Averaged Over Clusters

 ARC | CONN ON
    CONN&1             0.253       0.024      0.000       0.206       0.301      *

 CONR | CONN ON
    RESP               0.320       0.017      0.000       0.287       0.354      *

 ARR | RESP ON
    RESP&1             0.132       0.028      0.000       0.079       0.184      *

 RONC | RESP ON
    CONN&1             0.093       0.025      0.000       0.046       0.143      *

 CONN       ON
    RELAT             -0.028       0.018      0.064      -0.060       0.009
    PHONE              0.000       0.007      0.496      -0.014       0.013
    VIDEO              0.000       0.007      0.488      -0.013       0.014
    TEXT              -0.012       0.007      0.054      -0.026       0.002

 RESP       ON
    RELAT              0.272       0.019      0.000       0.233       0.307      *
    PHONE              0.030       0.023      0.091      -0.013       0.076
    VIDEO              0.043       0.021      0.019       0.003       0.086      *
    TEXT               0.009       0.020      0.344      -0.031       0.050

 LVCON |
    CONN               0.750       0.017      0.000       0.716       0.781      *

 LVRES |
    RESP               0.835       0.019      0.000       0.796       0.870      *

 Variances
    RELAT              1.000       0.000      0.000       1.000       1.000

Between Level

 HOPE_POST  ON
    CONN               0.321       0.105      0.001       0.114       0.524      *
    RESP              -0.030       0.093      0.370      -0.210       0.151
    HOPE_PRE           0.512       0.073      0.000       0.362       0.647      *
    RELAT             -0.052       0.100      0.298      -0.249       0.146
    PHONE              0.059       0.094      0.268      -0.117       0.245
    VIDEO              0.086       0.121      0.250      -0.153       0.320
    TEXT               0.272       0.098      0.005       0.066       0.453      *
    COND_TAIL          0.021       0.055      0.357      -0.086       0.133
    COND_BASIC         0.063       0.058      0.140      -0.052       0.172
    FEMALE            -0.073       0.054      0.092      -0.178       0.032

 LS_POST    ON
    CONN               0.147       0.095      0.061      -0.041       0.333
    RESP              -0.091       0.085      0.138      -0.256       0.072
    LS_PRE             0.723       0.062      0.000       0.583       0.825      *
    RELAT              0.004       0.093      0.482      -0.173       0.190
    PHONE              0.015       0.086      0.433      -0.157       0.175
    VIDEO              0.004       0.111      0.483      -0.200       0.232
    TEXT               0.213       0.089      0.012       0.027       0.375      *
    COND_TAIL          0.052       0.050      0.149      -0.048       0.147
    COND_BASIC         0.046       0.052      0.191      -0.057       0.145
    FEMALE            -0.001       0.047      0.491      -0.096       0.092

 CONN       ON
    RESP               0.458       0.091      0.000       0.270       0.626      *
    HOPE_PRE           0.192       0.093      0.022       0.003       0.370      *
    LS_PRE             0.004       0.103      0.483      -0.200       0.205
    RELAT              0.094       0.106      0.181      -0.103       0.304
    PHONE             -0.055       0.108      0.305      -0.265       0.151
    VIDEO             -0.100       0.137      0.244      -0.353       0.173
    TEXT              -0.157       0.107      0.067      -0.363       0.050
    COND_TAIL         -0.065       0.062      0.152      -0.184       0.061
    COND_BASIC        -0.025       0.062      0.342      -0.142       0.095
    FEMALE            -0.059       0.057      0.141      -0.175       0.051

 RESP     WITH
    HOPE_PRE           0.321       0.091      0.001       0.132       0.484      *
    LS_PRE             0.425       0.086      0.000       0.240       0.577      *

 HOPE_PRE WITH
    LS_PRE             0.522       0.073      0.000       0.365       0.648      *

 HOPE_POS WITH
    LS_POST            0.139       0.122      0.130      -0.111       0.365

 Means
    HOPE_PRE           9.437       0.661      0.000       8.139      10.777      *
    LS_PRE             4.198       0.303      0.000       3.622       4.809      *
    RESP               5.978       0.462      0.000       5.128       6.922      *
    RELAT             14.884       1.357      0.000      12.543      17.800      *
    ARC                1.465       0.395      0.000       0.928       2.530      *
    ARR                0.792       0.310      0.000       0.364       1.559      *
    CONR               1.910       0.269      0.000       1.443       2.486      *
    RONC               0.899       0.450      0.000       0.316       2.086      *
    LVCON              0.000       0.100      0.499      -0.193       0.198
    LVRES             -1.034       0.134      0.000      -1.299      -0.773      *

 Intercepts
    HOPE_POST          2.485       1.580      0.052      -0.491       5.572
    LS_POST            0.697       1.341      0.295      -2.053       3.383
    CONN              -0.152       1.711      0.465      -3.469       3.125

 Variances
    HOPE_PRE           1.000       0.000      0.000       1.000       1.000
    LS_PRE             1.000       0.000      0.000       1.000       1.000
    RESP               1.000       0.000      0.000       1.000       1.000
    RELAT              1.000       0.000      0.000       1.000       1.000
    ARC                1.000       0.000      0.000       1.000       1.000
    ARR                1.000       0.000      0.000       1.000       1.000
    CONR               1.000       0.000      0.000       1.000       1.000
    RONC               1.000       0.000      0.000       1.000       1.000
    LVCON              1.000       0.000      0.000       1.000       1.000
    LVRES              1.000       0.000      0.000       1.000       1.000

 Residual Variances
    HOPE_POST          0.420       0.072      0.000       0.294       0.576      *
    LS_POST            0.364       0.066      0.000       0.253       0.507      *
    CONN               0.560       0.077      0.000       0.417       0.717      *


R-SQUARE

Within-Level R-Square Averaged Across Clusters

                                Posterior  One-Tailed         95% C.I.
    Variable        Estimate       S.D.      P-Value   Lower 2.5%  Upper 2.5%

    RESP               0.165       0.019      0.000       0.130       0.204
    CONN               0.250       0.017      0.000       0.218       0.284

Between Level

                                Posterior  One-Tailed         95% C.I.
    Variable        Estimate       S.D.      P-Value   Lower 2.5%  Upper 2.5%

    HOPE_POST          0.580       0.072      0.000       0.424       0.705
    LS_POST            0.636       0.066      0.000       0.493       0.747
    CONN               0.440       0.077      0.000       0.283       0.582


TECHNICAL 1 OUTPUT


     PARAMETER SPECIFICATION FOR WITHIN


           TAU
              PHONE$1       VIDEO$1       TEXT$1
              ________      ________      ________
                    0             0             0


           NU
              PHONE         VIDEO         TEXT          RESP          CONN
              ________      ________      ________      ________      ________
                    0             0             0             0             0


           NU
              RELAT         RESP&1        CONN&1
              ________      ________      ________
                    0             0             0


           LAMBDA
              PHONE         VIDEO         TEXT          RESP          CONN
              ________      ________      ________      ________      ________
 PHONE              0             0             0             0             0
 VIDEO              0             0             0             0             0
 TEXT               0             0             0             0             0
 RESP               0             0             0             0             0
 CONN               0             0             0             0             0
 RELAT              0             0             0             0             0
 RESP&1             0             0             0             0             0
 CONN&1             0             0             0             0             0


           LAMBDA
              RELAT         RESP&1        CONN&1
              ________      ________      ________
 PHONE              0             0             0
 VIDEO              0             0             0
 TEXT               0             0             0
 RESP               0             0             0
 CONN               0             0             0
 RELAT              0             0             0
 RESP&1             0             0             0
 CONN&1             0             0             0


           THETA
              PHONE         VIDEO         TEXT          RESP          CONN
              ________      ________      ________      ________      ________
 PHONE              0
 VIDEO              0             0
 TEXT               0             0             0
 RESP               0             0             0             0
 CONN               0             0             0             0             0
 RELAT              0             0             0             0             0
 RESP&1             0             0             0             0             0
 CONN&1             0             0             0             0             0


           THETA
              RELAT         RESP&1        CONN&1
              ________      ________      ________
 RELAT              0
 RESP&1             0             0
 CONN&1             0             0             0


           ALPHA
              PHONE         VIDEO         TEXT          RESP          CONN
              ________      ________      ________      ________      ________
                    0             0             0             0             0


           ALPHA
              RELAT         RESP&1        CONN&1
              ________      ________      ________
                    0             0             0


           BETA
              PHONE         VIDEO         TEXT          RESP          CONN
              ________      ________      ________      ________      ________
 PHONE              0             0             0             0             0
 VIDEO              0             0             0             0             0
 TEXT               0             0             0             0             0
 RESP               1             2             3             0             0
 CONN               5             6             7             0             0
 RELAT              0             0             0             0             0
 RESP&1             0             0             0             0             0
 CONN&1             0             0             0             0             0


           BETA
              RELAT         RESP&1        CONN&1
              ________      ________      ________
 PHONE              0             0             0
 VIDEO              0             0             0
 TEXT               0             0             0
 RESP               4             0             0
 CONN               8             0             0
 RELAT              0             0             0
 RESP&1             0             0             0
 CONN&1             0             0             0


           PSI
              PHONE         VIDEO         TEXT          RESP          CONN
              ________      ________      ________      ________      ________
 PHONE              0
 VIDEO              0             0
 TEXT               0             0             0
 RESP               0             0             0             0
 CONN               0             0             0             0             0
 RELAT              0             0             0             0             0
 RESP&1             0             0             0             0             0
 CONN&1             0             0             0             0             0


           PSI
              RELAT         RESP&1        CONN&1
              ________      ________      ________
 RELAT              9
 RESP&1             0             0
 CONN&1             0             0             0


     PARAMETER SPECIFICATION FOR BETWEEN


           TAU
              PHONE$1       VIDEO$1       TEXT$1
              ________      ________      ________
                   70            71            72


           NU
              PHONE         VIDEO         TEXT          HOPE_POS      LS_POST
              ________      ________      ________      ________      ________
                    0             0             0             0             0


           NU
              HOPE_PRE      LS_PRE        RESP          CONN          RELAT
              ________      ________      ________      ________      ________
                    0             0             0             0             0


           NU
              COND_TAI      COND_BAS      FEMALE
              ________      ________      ________
                    0             0             0


           LAMBDA
              ARC           ARR           CONR          RONC          LVCON
              ________      ________      ________      ________      ________
 PHONE              0             0             0             0             0
 VIDEO              0             0             0             0             0
 TEXT               0             0             0             0             0
 HOPE_POS           0             0             0             0             0
 LS_POST            0             0             0             0             0
 HOPE_PRE           0             0             0             0             0
 LS_PRE             0             0             0             0             0
 RESP               0             0             0             0             0
 CONN               0             0             0             0             0
 RELAT              0             0             0             0             0
 COND_TAI           0             0             0             0             0
 COND_BAS           0             0             0             0             0
 FEMALE             0             0             0             0             0


           LAMBDA
              LVRES         PHONE         VIDEO         TEXT          HOPE_POS
              ________      ________      ________      ________      ________
 PHONE              0             0             0             0             0
 VIDEO              0             0             0             0             0
 TEXT               0             0             0             0             0
 HOPE_POS           0             0             0             0             0
 LS_POST            0             0             0             0             0
 HOPE_PRE           0             0             0             0             0
 LS_PRE             0             0             0             0             0
 RESP               0             0             0             0             0
 CONN               0             0             0             0             0
 RELAT              0             0             0             0             0
 COND_TAI           0             0             0             0             0
 COND_BAS           0             0             0             0             0
 FEMALE             0             0             0             0             0


           LAMBDA
              LS_POST       HOPE_PRE      LS_PRE        RESP          CONN
              ________      ________      ________      ________      ________
 PHONE              0             0             0             0             0
 VIDEO              0             0             0             0             0
 TEXT               0             0             0             0             0
 HOPE_POS           0             0             0             0             0
 LS_POST            0             0             0             0             0
 HOPE_PRE           0             0             0             0             0
 LS_PRE             0             0             0             0             0
 RESP               0             0             0             0             0
 CONN               0             0             0             0             0
 RELAT              0             0             0             0             0
 COND_TAI           0             0             0             0             0
 COND_BAS           0             0             0             0             0
 FEMALE             0             0             0             0             0


           LAMBDA
              RELAT         COND_TAI      COND_BAS      FEMALE
              ________      ________      ________      ________
 PHONE              0             0             0             0
 VIDEO              0             0             0             0
 TEXT               0             0             0             0
 HOPE_POS           0             0             0             0
 LS_POST            0             0             0             0
 HOPE_PRE           0             0             0             0
 LS_PRE             0             0             0             0
 RESP               0             0             0             0
 CONN               0             0             0             0
 RELAT              0             0             0             0
 COND_TAI           0             0             0             0
 COND_BAS           0             0             0             0
 FEMALE             0             0             0             0


           THETA
              PHONE         VIDEO         TEXT          HOPE_POS      LS_POST
              ________      ________      ________      ________      ________
 PHONE              0
 VIDEO              0             0
 TEXT               0             0             0
 HOPE_POS           0             0             0             0
 LS_POST            0             0             0             0             0
 HOPE_PRE           0             0             0             0             0
 LS_PRE             0             0             0             0             0
 RESP               0             0             0             0             0
 CONN               0             0             0             0             0
 RELAT              0             0             0             0             0
 COND_TAI           0             0             0             0             0
 COND_BAS           0             0             0             0             0
 FEMALE             0             0             0             0             0


           THETA
              HOPE_PRE      LS_PRE        RESP          CONN          RELAT
              ________      ________      ________      ________      ________
 HOPE_PRE           0
 LS_PRE             0             0
 RESP               0             0             0
 CONN               0             0             0             0
 RELAT              0             0             0             0             0
 COND_TAI           0             0             0             0             0
 COND_BAS           0             0             0             0             0
 FEMALE             0             0             0             0             0


           THETA
              COND_TAI      COND_BAS      FEMALE
              ________      ________      ________
 COND_TAI           0
 COND_BAS           0             0
 FEMALE             0             0             0


           ALPHA
              ARC           ARR           CONR          RONC          LVCON
              ________      ________      ________      ________      ________
                   10            11            12            13            14


           ALPHA
              LVRES         PHONE         VIDEO         TEXT          HOPE_POS
              ________      ________      ________      ________      ________
                   15             0             0             0            16


           ALPHA
              LS_POST       HOPE_PRE      LS_PRE        RESP          CONN
              ________      ________      ________      ________      ________
                   17            18            19            20            21


           ALPHA
              RELAT         COND_TAI      COND_BAS      FEMALE
              ________      ________      ________      ________
                   22             0             0             0


           BETA
              ARC           ARR           CONR          RONC          LVCON
              ________      ________      ________      ________      ________
 ARC                0             0             0             0             0
 ARR                0             0             0             0             0
 CONR               0             0             0             0             0
 RONC               0             0             0             0             0
 LVCON              0             0             0             0             0
 LVRES              0             0             0             0             0
 PHONE              0             0             0             0             0
 VIDEO              0             0             0             0             0
 TEXT               0             0             0             0             0
 HOPE_POS           0             0             0             0             0
 LS_POST            0             0             0             0             0
 HOPE_PRE           0             0             0             0             0
 LS_PRE             0             0             0             0             0
 RESP               0             0             0             0             0
 CONN               0             0             0             0             0
 RELAT              0             0             0             0             0
 COND_TAI           0             0             0             0             0
 COND_BAS           0             0             0             0             0
 FEMALE             0             0             0             0             0


           BETA
              LVRES         PHONE         VIDEO         TEXT          HOPE_POS
              ________      ________      ________      ________      ________
 ARC                0             0             0             0             0
 ARR                0             0             0             0             0
 CONR               0             0             0             0             0
 RONC               0             0             0             0             0
 LVCON              0             0             0             0             0
 LVRES              0             0             0             0             0
 PHONE              0             0             0             0             0
 VIDEO              0             0             0             0             0
 TEXT               0             0             0             0             0
 HOPE_POS           0            23            24            25             0
 LS_POST            0            33            34            35             0
 HOPE_PRE           0             0             0             0             0
 LS_PRE             0             0             0             0             0
 RESP               0             0             0             0             0
 CONN               0            43            44            45             0
 RELAT              0             0             0             0             0
 COND_TAI           0             0             0             0             0
 COND_BAS           0             0             0             0             0
 FEMALE             0             0             0             0             0


           BETA
              LS_POST       HOPE_PRE      LS_PRE        RESP          CONN
              ________      ________      ________      ________      ________
 ARC                0             0             0             0             0
 ARR                0             0             0             0             0
 CONR               0             0             0             0             0
 RONC               0             0             0             0             0
 LVCON              0             0             0             0             0
 LVRES              0             0             0             0             0
 PHONE              0             0             0             0             0
 VIDEO              0             0             0             0             0
 TEXT               0             0             0             0             0
 HOPE_POS           0            26             0            27            28
 LS_POST            0             0            36            37            38
 HOPE_PRE           0             0             0             0             0
 LS_PRE             0             0             0             0             0
 RESP               0             0             0             0             0
 CONN               0            46            47            48             0
 RELAT              0             0             0             0             0
 COND_TAI           0             0             0             0             0
 COND_BAS           0             0             0             0             0
 FEMALE             0             0             0             0             0


           BETA
              RELAT         COND_TAI      COND_BAS      FEMALE
              ________      ________      ________      ________
 ARC                0             0             0             0
 ARR                0             0             0             0
 CONR               0             0             0             0
 RONC               0             0             0             0
 LVCON              0             0             0             0
 LVRES              0             0             0             0
 PHONE              0             0             0             0
 VIDEO              0             0             0             0
 TEXT               0             0             0             0
 HOPE_POS          29            30            31            32
 LS_POST           39            40            41            42
 HOPE_PRE           0             0             0             0
 LS_PRE             0             0             0             0
 RESP               0             0             0             0
 CONN              49            50            51            52
 RELAT              0             0             0             0
 COND_TAI           0             0             0             0
 COND_BAS           0             0             0             0
 FEMALE             0             0             0             0


           PSI
              ARC           ARR           CONR          RONC          LVCON
              ________      ________      ________      ________      ________
 ARC               53
 ARR                0            54
 CONR               0             0            55
 RONC               0             0             0            56
 LVCON              0             0             0             0            57
 LVRES              0             0             0             0             0
 PHONE              0             0             0             0             0
 VIDEO              0             0             0             0             0
 TEXT               0             0             0             0             0
 HOPE_POS           0             0             0             0             0
 LS_POST            0             0             0             0             0
 HOPE_PRE           0             0             0             0             0
 LS_PRE             0             0             0             0             0
 RESP               0             0             0             0             0
 CONN               0             0             0             0             0
 RELAT              0             0             0             0             0
 COND_TAI           0             0             0             0             0
 COND_BAS           0             0             0             0             0
 FEMALE             0             0             0             0             0


           PSI
              LVRES         PHONE         VIDEO         TEXT          HOPE_POS
              ________      ________      ________      ________      ________
 LVRES             58
 PHONE              0             0
 VIDEO              0             0             0
 TEXT               0             0             0             0
 HOPE_POS           0             0             0             0            59
 LS_POST            0             0             0             0            60
 HOPE_PRE           0             0             0             0             0
 LS_PRE             0             0             0             0             0
 RESP               0             0             0             0             0
 CONN               0             0             0             0             0
 RELAT              0             0             0             0             0
 COND_TAI           0             0             0             0             0
 COND_BAS           0             0             0             0             0
 FEMALE             0             0             0             0             0


           PSI
              LS_POST       HOPE_PRE      LS_PRE        RESP          CONN
              ________      ________      ________      ________      ________
 LS_POST           61
 HOPE_PRE           0            62
 LS_PRE             0            63            64
 RESP               0            65            66            67
 CONN               0             0             0             0            68
 RELAT              0             0             0             0             0
 COND_TAI           0             0             0             0             0
 COND_BAS           0             0             0             0             0
 FEMALE             0             0             0             0             0


           PSI
              RELAT         COND_TAI      COND_BAS      FEMALE
              ________      ________      ________      ________
 RELAT             69
 COND_TAI           0             0
 COND_BAS           0             0             0
 FEMALE             0             0             0             0


     PARAMETER SPECIFICATION FOR THE ADDITIONAL PARAMETERS


           NEW/ADDITIONAL PARAMETERS
              I_HO_M        I_LS_M
              ________      ________
                   73            74


     STARTING VALUES FOR WITHIN


           TAU
              PHONE$1       VIDEO$1       TEXT$1
              ________      ________      ________
                0.000         0.000         0.000


           NU
              PHONE         VIDEO         TEXT          RESP          CONN
              ________      ________      ________      ________      ________
                0.000         0.000         0.000         0.000         0.000


           NU
              RELAT         RESP&1        CONN&1
              ________      ________      ________
                0.000         0.000         0.000


           LAMBDA
              PHONE         VIDEO         TEXT          RESP          CONN
              ________      ________      ________      ________      ________
 PHONE          1.000         0.000         0.000         0.000         0.000
 VIDEO          0.000         1.000         0.000         0.000         0.000
 TEXT           0.000         0.000         1.000         0.000         0.000
 RESP           0.000         0.000         0.000         1.000         0.000
 CONN           0.000         0.000         0.000         0.000         1.000
 RELAT          0.000         0.000         0.000         0.000         0.000
 RESP&1         0.000         0.000         0.000         0.000         0.000
 CONN&1         0.000         0.000         0.000         0.000         0.000


           LAMBDA
              RELAT         RESP&1        CONN&1
              ________      ________      ________
 PHONE          0.000         0.000         0.000
 VIDEO          0.000         0.000         0.000
 TEXT           0.000         0.000         0.000
 RESP           0.000         0.000         0.000
 CONN           0.000         0.000         0.000
 RELAT          1.000         0.000         0.000
 RESP&1         0.000         1.000         0.000
 CONN&1         0.000         0.000         1.000


           THETA
              PHONE         VIDEO         TEXT          RESP          CONN
              ________      ________      ________      ________      ________
 PHONE          0.000
 VIDEO          0.000         0.000
 TEXT           0.000         0.000         0.000
 RESP           0.000         0.000         0.000         0.000
 CONN           0.000         0.000         0.000         0.000         0.000
 RELAT          0.000         0.000         0.000         0.000         0.000
 RESP&1         0.000         0.000         0.000         0.000         0.000
 CONN&1         0.000         0.000         0.000         0.000         0.000


           THETA
              RELAT         RESP&1        CONN&1
              ________      ________      ________
 RELAT          0.000
 RESP&1         0.000         0.000
 CONN&1         0.000         0.000         0.000


           ALPHA
              PHONE         VIDEO         TEXT          RESP          CONN
              ________      ________      ________      ________      ________
                0.000         0.000         0.000         0.000         0.000


           ALPHA
              RELAT         RESP&1        CONN&1
              ________      ________      ________
                0.000         0.000         0.000


           BETA
              PHONE         VIDEO         TEXT          RESP          CONN
              ________      ________      ________      ________      ________
 PHONE          0.000         0.000         0.000         0.000         0.000
 VIDEO          0.000         0.000         0.000         0.000         0.000
 TEXT           0.000         0.000         0.000         0.000         0.000
 RESP           0.000         0.000         0.000         0.000         0.000
 CONN           0.000         0.000         0.000         0.000         0.000
 RELAT          0.000         0.000         0.000         0.000         0.000
 RESP&1         0.000         0.000         0.000         0.000         0.000
 CONN&1         0.000         0.000         0.000         0.000         0.000


           BETA
              RELAT         RESP&1        CONN&1
              ________      ________      ________
 PHONE          0.000         0.000         0.000
 VIDEO          0.000         0.000         0.000
 TEXT           0.000         0.000         0.000
 RESP           0.000         0.000         0.000
 CONN           0.000         0.000         0.000
 RELAT          0.000         0.000         0.000
 RESP&1         0.000         0.000         0.000
 CONN&1         0.000         0.000         0.000


           PSI
              PHONE         VIDEO         TEXT          RESP          CONN
              ________      ________      ________      ________      ________
 PHONE          1.000
 VIDEO          0.000         1.000
 TEXT           0.000         0.000         1.000
 RESP           0.000         0.000         0.000         0.000
 CONN           0.000         0.000         0.000         0.000         0.000
 RELAT          0.000         0.000         0.000         0.000         0.000
 RESP&1         0.000         0.000         0.000         0.000         0.000
 CONN&1         0.000         0.000         0.000         0.000         0.000


           PSI
              RELAT         RESP&1        CONN&1
              ________      ________      ________
 RELAT          0.862
 RESP&1         0.000         0.509
 CONN&1         0.000         0.000         1.125


     STARTING VALUES FOR BETWEEN


           TAU
              PHONE$1       VIDEO$1       TEXT$1
              ________      ________      ________
                1.704         1.028         1.012


           NU
              PHONE         VIDEO         TEXT          HOPE_POS      LS_POST
              ________      ________      ________      ________      ________
                0.000         0.000         0.000         0.000         0.000


           NU
              HOPE_PRE      LS_PRE        RESP          CONN          RELAT
              ________      ________      ________      ________      ________
                0.000         0.000         0.000         0.000         0.000


           NU
              COND_TAI      COND_BAS      FEMALE
              ________      ________      ________
                0.000         0.000         0.000


           LAMBDA
              ARC           ARR           CONR          RONC          LVCON
              ________      ________      ________      ________      ________
 PHONE          0.000         0.000         0.000         0.000         0.000
 VIDEO          0.000         0.000         0.000         0.000         0.000
 TEXT           0.000         0.000         0.000         0.000         0.000
 HOPE_POS       0.000         0.000         0.000         0.000         0.000
 LS_POST        0.000         0.000         0.000         0.000         0.000
 HOPE_PRE       0.000         0.000         0.000         0.000         0.000
 LS_PRE         0.000         0.000         0.000         0.000         0.000
 RESP           0.000         0.000         0.000         0.000         0.000
 CONN           0.000         0.000         0.000         0.000         0.000
 RELAT          0.000         0.000         0.000         0.000         0.000
 COND_TAI       0.000         0.000         0.000         0.000         0.000
 COND_BAS       0.000         0.000         0.000         0.000         0.000
 FEMALE         0.000         0.000         0.000         0.000         0.000


           LAMBDA
              LVRES         PHONE         VIDEO         TEXT          HOPE_POS
              ________      ________      ________      ________      ________
 PHONE          0.000         1.000         0.000         0.000         0.000
 VIDEO          0.000         0.000         1.000         0.000         0.000
 TEXT           0.000         0.000         0.000         1.000         0.000
 HOPE_POS       0.000         0.000         0.000         0.000         1.000
 LS_POST        0.000         0.000         0.000         0.000         0.000
 HOPE_PRE       0.000         0.000         0.000         0.000         0.000
 LS_PRE         0.000         0.000         0.000         0.000         0.000
 RESP           0.000         0.000         0.000         0.000         0.000
 CONN           0.000         0.000         0.000         0.000         0.000
 RELAT          0.000         0.000         0.000         0.000         0.000
 COND_TAI       0.000         0.000         0.000         0.000         0.000
 COND_BAS       0.000         0.000         0.000         0.000         0.000
 FEMALE         0.000         0.000         0.000         0.000         0.000


           LAMBDA
              LS_POST       HOPE_PRE      LS_PRE        RESP          CONN
              ________      ________      ________      ________      ________
 PHONE          0.000         0.000         0.000         0.000         0.000
 VIDEO          0.000         0.000         0.000         0.000         0.000
 TEXT           0.000         0.000         0.000         0.000         0.000
 HOPE_POS       0.000         0.000         0.000         0.000         0.000
 LS_POST        1.000         0.000         0.000         0.000         0.000
 HOPE_PRE       0.000         1.000         0.000         0.000         0.000
 LS_PRE         0.000         0.000         1.000         0.000         0.000
 RESP           0.000         0.000         0.000         1.000         0.000
 CONN           0.000         0.000         0.000         0.000         1.000
 RELAT          0.000         0.000         0.000         0.000         0.000
 COND_TAI       0.000         0.000         0.000         0.000         0.000
 COND_BAS       0.000         0.000         0.000         0.000         0.000
 FEMALE         0.000         0.000         0.000         0.000         0.000


           LAMBDA
              RELAT         COND_TAI      COND_BAS      FEMALE
              ________      ________      ________      ________
 PHONE          0.000         0.000         0.000         0.000
 VIDEO          0.000         0.000         0.000         0.000
 TEXT           0.000         0.000         0.000         0.000
 HOPE_POS       0.000         0.000         0.000         0.000
 LS_POST        0.000         0.000         0.000         0.000
 HOPE_PRE       0.000         0.000         0.000         0.000
 LS_PRE         0.000         0.000         0.000         0.000
 RESP           0.000         0.000         0.000         0.000
 CONN           0.000         0.000         0.000         0.000
 RELAT          1.000         0.000         0.000         0.000
 COND_TAI       0.000         1.000         0.000         0.000
 COND_BAS       0.000         0.000         1.000         0.000
 FEMALE         0.000         0.000         0.000         1.000


           THETA
              PHONE         VIDEO         TEXT          HOPE_POS      LS_POST
              ________      ________      ________      ________      ________
 PHONE          0.000
 VIDEO          0.000         0.000
 TEXT           0.000         0.000         0.000
 HOPE_POS       0.000         0.000         0.000         0.000
 LS_POST        0.000         0.000         0.000         0.000         0.000
 HOPE_PRE       0.000         0.000         0.000         0.000         0.000
 LS_PRE         0.000         0.000         0.000         0.000         0.000
 RESP           0.000         0.000         0.000         0.000         0.000
 CONN           0.000         0.000         0.000         0.000         0.000
 RELAT          0.000         0.000         0.000         0.000         0.000
 COND_TAI       0.000         0.000         0.000         0.000         0.000
 COND_BAS       0.000         0.000         0.000         0.000         0.000
 FEMALE         0.000         0.000         0.000         0.000         0.000


           THETA
              HOPE_PRE      LS_PRE        RESP          CONN          RELAT
              ________      ________      ________      ________      ________
 HOPE_PRE       0.000
 LS_PRE         0.000         0.000
 RESP           0.000         0.000         0.000
 CONN           0.000         0.000         0.000         0.000
 RELAT          0.000         0.000         0.000         0.000         0.000
 COND_TAI       0.000         0.000         0.000         0.000         0.000
 COND_BAS       0.000         0.000         0.000         0.000         0.000
 FEMALE         0.000         0.000         0.000         0.000         0.000


           THETA
              COND_TAI      COND_BAS      FEMALE
              ________      ________      ________
 COND_TAI       0.000
 COND_BAS       0.000         0.000
 FEMALE         0.000         0.000         0.000


           ALPHA
              ARC           ARR           CONR          RONC          LVCON
              ________      ________      ________      ________      ________
                0.000         0.000         0.000         0.000         0.000


           ALPHA
              LVRES         PHONE         VIDEO         TEXT          HOPE_POS
              ________      ________      ________      ________      ________
                0.000         0.000         0.000         0.000         3.760


           ALPHA
              LS_POST       HOPE_PRE      LS_PRE        RESP          CONN
              ________      ________      ________      ________      ________
                3.492         3.863         3.443         3.681         4.847


           ALPHA
              RELAT         COND_TAI      COND_BAS      FEMALE
              ________      ________      ________      ________
                6.492         0.000         0.000         0.000


           BETA
              ARC           ARR           CONR          RONC          LVCON
              ________      ________      ________      ________      ________
 ARC            0.000         0.000         0.000         0.000         0.000
 ARR            0.000         0.000         0.000         0.000         0.000
 CONR           0.000         0.000         0.000         0.000         0.000
 RONC           0.000         0.000         0.000         0.000         0.000
 LVCON          0.000         0.000         0.000         0.000         0.000
 LVRES          0.000         0.000         0.000         0.000         0.000
 PHONE          0.000         0.000         0.000         0.000         0.000
 VIDEO          0.000         0.000         0.000         0.000         0.000
 TEXT           0.000         0.000         0.000         0.000         0.000
 HOPE_POS       0.000         0.000         0.000         0.000         0.000
 LS_POST        0.000         0.000         0.000         0.000         0.000
 HOPE_PRE       0.000         0.000         0.000         0.000         0.000
 LS_PRE         0.000         0.000         0.000         0.000         0.000
 RESP           0.000         0.000         0.000         0.000         0.000
 CONN           0.000         0.000         0.000         0.000         0.000
 RELAT          0.000         0.000         0.000         0.000         0.000
 COND_TAI       0.000         0.000         0.000         0.000         0.000
 COND_BAS       0.000         0.000         0.000         0.000         0.000
 FEMALE         0.000         0.000         0.000         0.000         0.000


           BETA
              LVRES         PHONE         VIDEO         TEXT          HOPE_POS
              ________      ________      ________      ________      ________
 ARC            0.000         0.000         0.000         0.000         0.000
 ARR            0.000         0.000         0.000         0.000         0.000
 CONR           0.000         0.000         0.000         0.000         0.000
 RONC           0.000         0.000         0.000         0.000         0.000
 LVCON          0.000         0.000         0.000         0.000         0.000
 LVRES          0.000         0.000         0.000         0.000         0.000
 PHONE          0.000         0.000         0.000         0.000         0.000
 VIDEO          0.000         0.000         0.000         0.000         0.000
 TEXT           0.000         0.000         0.000         0.000         0.000
 HOPE_POS       0.000         0.000         0.000         0.000         0.000
 LS_POST        0.000         0.000         0.000         0.000         0.000
 HOPE_PRE       0.000         0.000         0.000         0.000         0.000
 LS_PRE         0.000         0.000         0.000         0.000         0.000
 RESP           0.000         0.000         0.000         0.000         0.000
 CONN           0.000         0.000         0.000         0.000         0.000
 RELAT          0.000         0.000         0.000         0.000         0.000
 COND_TAI       0.000         0.000         0.000         0.000         0.000
 COND_BAS       0.000         0.000         0.000         0.000         0.000
 FEMALE         0.000         0.000         0.000         0.000         0.000


           BETA
              LS_POST       HOPE_PRE      LS_PRE        RESP          CONN
              ________      ________      ________      ________      ________
 ARC            0.000         0.000         0.000         0.000         0.000
 ARR            0.000         0.000         0.000         0.000         0.000
 CONR           0.000         0.000         0.000         0.000         0.000
 RONC           0.000         0.000         0.000         0.000         0.000
 LVCON          0.000         0.000         0.000         0.000         0.000
 LVRES          0.000         0.000         0.000         0.000         0.000
 PHONE          0.000         0.000         0.000         0.000         0.000
 VIDEO          0.000         0.000         0.000         0.000         0.000
 TEXT           0.000         0.000         0.000         0.000         0.000
 HOPE_POS       0.000         0.000         0.000         0.000         0.000
 LS_POST        0.000         0.000         0.000         0.000         0.000
 HOPE_PRE       0.000         0.000         0.000         0.000         0.000
 LS_PRE         0.000         0.000         0.000         0.000         0.000
 RESP           0.000         0.000         0.000         0.000         0.000
 CONN           0.000         0.000         0.000         0.000         0.000
 RELAT          0.000         0.000         0.000         0.000         0.000
 COND_TAI       0.000         0.000         0.000         0.000         0.000
 COND_BAS       0.000         0.000         0.000         0.000         0.000
 FEMALE         0.000         0.000         0.000         0.000         0.000


           BETA
              RELAT         COND_TAI      COND_BAS      FEMALE
              ________      ________      ________      ________
 ARC            0.000         0.000         0.000         0.000
 ARR            0.000         0.000         0.000         0.000
 CONR           0.000         0.000         0.000         0.000
 RONC           0.000         0.000         0.000         0.000
 LVCON          0.000         0.000         0.000         0.000
 LVRES          0.000         0.000         0.000         0.000
 PHONE          0.000         0.000         0.000         0.000
 VIDEO          0.000         0.000         0.000         0.000
 TEXT           0.000         0.000         0.000         0.000
 HOPE_POS       0.000         0.000         0.000         0.000
 LS_POST        0.000         0.000         0.000         0.000
 HOPE_PRE       0.000         0.000         0.000         0.000
 LS_PRE         0.000         0.000         0.000         0.000
 RESP           0.000         0.000         0.000         0.000
 CONN           0.000         0.000         0.000         0.000
 RELAT          0.000         0.000         0.000         0.000
 COND_TAI       0.000         0.000         0.000         0.000
 COND_BAS       0.000         0.000         0.000         0.000
 FEMALE         0.000         0.000         0.000         0.000


           PSI
              ARC           ARR           CONR          RONC          LVCON
              ________      ________      ________      ________      ________
 ARC            1.000
 ARR            0.000         1.000
 CONR           0.000         0.000         1.000
 RONC           0.000         0.000         0.000         1.000
 LVCON          0.000         0.000         0.000         0.000         1.000
 LVRES          0.000         0.000         0.000         0.000         0.000
 PHONE          0.000         0.000         0.000         0.000         0.000
 VIDEO          0.000         0.000         0.000         0.000         0.000
 TEXT           0.000         0.000         0.000         0.000         0.000
 HOPE_POS       0.000         0.000         0.000         0.000         0.000
 LS_POST        0.000         0.000         0.000         0.000         0.000
 HOPE_PRE       0.000         0.000         0.000         0.000         0.000
 LS_PRE         0.000         0.000         0.000         0.000         0.000
 RESP           0.000         0.000         0.000         0.000         0.000
 CONN           0.000         0.000         0.000         0.000         0.000
 RELAT          0.000         0.000         0.000         0.000         0.000
 COND_TAI       0.000         0.000         0.000         0.000         0.000
 COND_BAS       0.000         0.000         0.000         0.000         0.000
 FEMALE         0.000         0.000         0.000         0.000         0.000


           PSI
              LVRES         PHONE         VIDEO         TEXT          HOPE_POS
              ________      ________      ________      ________      ________
 LVRES          1.000
 PHONE          0.000         1.000
 VIDEO          0.000         0.000         1.000
 TEXT           0.000         0.000         0.000         1.000
 HOPE_POS       0.000         0.000         0.000         0.000         0.092
 LS_POST        0.000         0.000         0.000         0.000         0.000
 HOPE_PRE       0.000         0.000         0.000         0.000         0.000
 LS_PRE         0.000         0.000         0.000         0.000         0.000
 RESP           0.000         0.000         0.000         0.000         0.000
 CONN           0.000         0.000         0.000         0.000         0.000
 RELAT          0.000         0.000         0.000         0.000         0.000
 COND_TAI       0.000         0.000         0.000         0.000         0.000
 COND_BAS       0.000         0.000         0.000         0.000         0.000
 FEMALE         0.000         0.000         0.000         0.000         0.000


           PSI
              LS_POST       HOPE_PRE      LS_PRE        RESP          CONN
              ________      ________      ________      ________      ________
 LS_POST        0.299
 HOPE_PRE       0.000         0.077
 LS_PRE         0.000         0.000         0.308
 RESP           0.000         0.000         0.000         0.510
 CONN           0.000         0.000         0.000         0.000         1.134
 RELAT          0.000         0.000         0.000         0.000         0.000
 COND_TAI       0.000         0.000         0.000         0.000         0.000
 COND_BAS       0.000         0.000         0.000         0.000         0.000
 FEMALE         0.000         0.000         0.000         0.000         0.000


           PSI
              RELAT         COND_TAI      COND_BAS      FEMALE
              ________      ________      ________      ________
 RELAT          0.862
 COND_TAI       0.000         0.116
 COND_BAS       0.000         0.000         0.101
 FEMALE         0.000         0.000         0.000         0.077


     STARTING VALUES FOR THE ADDITIONAL PARAMETERS


           NEW/ADDITIONAL PARAMETERS
              I_HO_M        I_LS_M
              ________      ________
                0.500         0.500



     PRIORS FOR ALL PARAMETERS            PRIOR MEAN      PRIOR VARIANCE     PRIOR STD. DEV.

     Parameter 1~N(0.000,infinity)           0.0000            infinity            infinity
     Parameter 2~N(0.000,infinity)           0.0000            infinity            infinity
     Parameter 3~N(0.000,infinity)           0.0000            infinity            infinity
     Parameter 4~N(0.000,infinity)           0.0000            infinity            infinity
     Parameter 5~N(0.000,infinity)           0.0000            infinity            infinity
     Parameter 6~N(0.000,infinity)           0.0000            infinity            infinity
     Parameter 7~N(0.000,infinity)           0.0000            infinity            infinity
     Parameter 8~N(0.000,infinity)           0.0000            infinity            infinity
     Parameter 9~IG(-1.000,0.000)          infinity            infinity            infinity
     Parameter 10~N(0.000,infinity)          0.0000            infinity            infinity
     Parameter 11~N(0.000,infinity)          0.0000            infinity            infinity
     Parameter 12~N(0.000,infinity)          0.0000            infinity            infinity
     Parameter 13~N(0.000,infinity)          0.0000            infinity            infinity
     Parameter 14~N(0.000,infinity)          0.0000            infinity            infinity
     Parameter 15~N(0.000,infinity)          0.0000            infinity            infinity
     Parameter 16~N(0.000,infinity)          0.0000            infinity            infinity
     Parameter 17~N(0.000,infinity)          0.0000            infinity            infinity
     Parameter 18~N(0.000,infinity)          0.0000            infinity            infinity
     Parameter 19~N(0.000,infinity)          0.0000            infinity            infinity
     Parameter 20~N(0.000,infinity)          0.0000            infinity            infinity
     Parameter 21~N(0.000,infinity)          0.0000            infinity            infinity
     Parameter 22~N(0.000,infinity)          0.0000            infinity            infinity
     Parameter 23~N(0.000,infinity)          0.0000            infinity            infinity
     Parameter 24~N(0.000,infinity)          0.0000            infinity            infinity
     Parameter 25~N(0.000,infinity)          0.0000            infinity            infinity
     Parameter 26~N(0.000,infinity)          0.0000            infinity            infinity
     Parameter 27~N(0.000,infinity)          0.0000            infinity            infinity
     Parameter 28~N(0.000,infinity)          0.0000            infinity            infinity
     Parameter 29~N(0.000,infinity)          0.0000            infinity            infinity
     Parameter 30~N(0.000,infinity)          0.0000            infinity            infinity
     Parameter 31~N(0.000,infinity)          0.0000            infinity            infinity
     Parameter 32~N(0.000,infinity)          0.0000            infinity            infinity
     Parameter 33~N(0.000,infinity)          0.0000            infinity            infinity
     Parameter 34~N(0.000,infinity)          0.0000            infinity            infinity
     Parameter 35~N(0.000,infinity)          0.0000            infinity            infinity
     Parameter 36~N(0.000,infinity)          0.0000            infinity            infinity
     Parameter 37~N(0.000,infinity)          0.0000            infinity            infinity
     Parameter 38~N(0.000,infinity)          0.0000            infinity            infinity
     Parameter 39~N(0.000,infinity)          0.0000            infinity            infinity
     Parameter 40~N(0.000,infinity)          0.0000            infinity            infinity
     Parameter 41~N(0.000,infinity)          0.0000            infinity            infinity
     Parameter 42~N(0.000,infinity)          0.0000            infinity            infinity
     Parameter 43~N(0.000,infinity)          0.0000            infinity            infinity
     Parameter 44~N(0.000,infinity)          0.0000            infinity            infinity
     Parameter 45~N(0.000,infinity)          0.0000            infinity            infinity
     Parameter 46~N(0.000,infinity)          0.0000            infinity            infinity
     Parameter 47~N(0.000,infinity)          0.0000            infinity            infinity
     Parameter 48~N(0.000,infinity)          0.0000            infinity            infinity
     Parameter 49~N(0.000,infinity)          0.0000            infinity            infinity
     Parameter 50~N(0.000,infinity)          0.0000            infinity            infinity
     Parameter 51~N(0.000,infinity)          0.0000            infinity            infinity
     Parameter 52~N(0.000,infinity)          0.0000            infinity            infinity
     Parameter 53~IG(-1.000,0.000)         infinity            infinity            infinity
     Parameter 54~IG(-1.000,0.000)         infinity            infinity            infinity
     Parameter 55~IG(-1.000,0.000)         infinity            infinity            infinity
     Parameter 56~IG(-1.000,0.000)         infinity            infinity            infinity
     Parameter 57~IG(-1.000,0.000)         infinity            infinity            infinity
     Parameter 58~IG(-1.000,0.000)         infinity            infinity            infinity
     Parameter 59~IW(0.000,-3)             infinity            infinity            infinity
     Parameter 60~IW(0.000,-3)             infinity            infinity            infinity
     Parameter 61~IW(0.000,-3)             infinity            infinity            infinity
     Parameter 62~IW(0.000,-4)             infinity            infinity            infinity
     Parameter 63~IW(0.000,-4)             infinity            infinity            infinity
     Parameter 64~IW(0.000,-4)             infinity            infinity            infinity
     Parameter 65~IW(0.000,-4)             infinity            infinity            infinity
     Parameter 66~IW(0.000,-4)             infinity            infinity            infinity
     Parameter 67~IW(0.000,-4)             infinity            infinity            infinity
     Parameter 68~IG(-1.000,0.000)         infinity            infinity            infinity
     Parameter 69~IG(-1.000,0.000)         infinity            infinity            infinity
     Parameter 70~N(0.000,5.000)             0.0000              5.0000              2.2361
     Parameter 71~N(0.000,5.000)             0.0000              5.0000              2.2361
     Parameter 72~N(0.000,5.000)             0.0000              5.0000              2.2361


TECHNICAL 8 OUTPUT


   TECHNICAL 8 OUTPUT FOR BAYES ESTIMATION

     CHAIN    BSEED
     1        0
     2        285380

                     POTENTIAL       PARAMETER WITH
     ITERATION    SCALE REDUCTION      HIGHEST PSR
     100              1.085               12
     200              1.163               72
     300              1.152               72
     400              1.076               33
     500              1.077               33
     600              1.046               72
     700              1.028               53
     800              1.041               71
     900              1.010               59
     1000             1.017               72
     1100             1.009               71
     1200             1.012               71
     1300             1.019               71
     1400             1.008               71
     1500             1.004               53
     1600             1.008               53
     1700             1.006               72
     1800             1.006               53
     1900             1.007               15
     2000             1.006               53
     2100             1.006               71
     2200             1.004               53
     2300             1.004               71
     2400             1.005               15
     2500             1.006               43
     2600             1.007               72
     2700             1.005               72
     2800             1.008               72
     2900             1.012               72
     3000             1.018               72


SUMMARIES OF PLAUSIBLE VALUES (N = NUMBER OF OBSERVATIONS * NUMBER OF IMPUTATIONS)


     SAMPLE STATISTICS


           Means
              ARC           ARR           CONR          RONC          LVCON
              ________      ________      ________      ________      ________
                0.249         0.136         0.497         0.059        -0.013


           Means
              LVRES         B_PHONE       B_VIDEO       B_TEXT        B_RESP
              ________      ________      ________      ________      ________
               -0.685        -0.007        -0.011        -0.008         3.670


           Means
              B_CONN        B_RELAT
              ________      ________
                4.797         6.473


           Covariances
              ARC           ARR           CONR          RONC          LVCON
              ________      ________      ________      ________      ________
 ARC            0.032
 ARR            0.001         0.031
 CONR          -0.003         0.000         0.072
 RONC           0.000         0.000         0.000         0.004
 LVCON         -0.003         0.005         0.054         0.000         0.801
 LVRES          0.004        -0.002         0.003         0.000         0.181
 B_PHONE        0.004         0.003         0.008         0.000         0.108
 B_VIDEO        0.001         0.004        -0.013         0.000         0.018
 B_TEXT         0.009        -0.005        -0.016        -0.001         0.052
 B_RESP         0.000        -0.002         0.004         0.001        -0.063
 B_CONN         0.004        -0.004        -0.008         0.000        -0.176
 B_RELAT       -0.003        -0.002         0.001        -0.001        -0.026


           Covariances
              LVRES         B_PHONE       B_VIDEO       B_TEXT        B_RESP
              ________      ________      ________      ________      ________
 LVRES          0.438
 B_PHONE        0.039         0.879
 B_VIDEO        0.030        -0.025         0.582
 B_TEXT         0.135        -0.095         0.106         0.786
 B_RESP        -0.126        -0.008        -0.044        -0.079         0.347
 B_CONN        -0.111        -0.015        -0.105        -0.178         0.281
 B_RELAT       -0.051        -0.004        -0.113        -0.032         0.050


           Covariances
              B_CONN        B_RELAT
              ________      ________
 B_CONN         0.681
 B_RELAT        0.088         0.181


           Correlations
              ARC           ARR           CONR          RONC          LVCON
              ________      ________      ________      ________      ________
 ARC            1.000
 ARR            0.047         1.000
 CONR          -0.060        -0.010         1.000
 RONC           0.025        -0.036        -0.022         1.000
 LVCON         -0.018         0.031         0.225         0.002         1.000
 LVRES          0.034        -0.020         0.015         0.008         0.307
 B_PHONE        0.026         0.019         0.033         0.008         0.128
 B_VIDEO        0.010         0.027        -0.066        -0.003         0.026
 B_TEXT         0.055        -0.032        -0.066        -0.015         0.066
 B_RESP        -0.003        -0.019         0.028         0.016        -0.120
 B_CONN         0.029        -0.030        -0.035         0.006        -0.239
 B_RELAT       -0.036        -0.024         0.006        -0.023        -0.067


           Correlations
              LVRES         B_PHONE       B_VIDEO       B_TEXT        B_RESP
              ________      ________      ________      ________      ________
 LVRES          1.000
 B_PHONE        0.063         1.000
 B_VIDEO        0.060        -0.035         1.000
 B_TEXT         0.230        -0.114         0.156         1.000
 B_RESP        -0.324        -0.014        -0.098        -0.152         1.000
 B_CONN        -0.203        -0.019        -0.166        -0.243         0.579
 B_RELAT       -0.179        -0.011        -0.348        -0.084         0.199


           Correlations
              B_CONN        B_RELAT
              ________      ________
 B_CONN         1.000
 B_RELAT        0.251         1.000


SUMMARY OF PLAUSIBLE STANDARD DEVIATION (N = NUMBER OF OBSERVATIONS)


     SAMPLE STATISTICS


           Means
              ARC_SD        ARR_SD        CONR_SD       RONC_SD       LVCON_SD
              ________      ________      ________      ________      ________
                0.146         0.150         0.192         0.061         0.293


           Means
              LVRES_SD      B_PHONE_      B_VIDEO_      B_TEXT_S      B_RESP_S
              ________      ________      ________      ________      ________
                0.279         0.557         0.371         0.394         0.171


           Means
              B_CONN_S      B_RELAT_
              ________      ________
                0.273         0.212


           Covariances
              ARC_SD        ARR_SD        CONR_SD       RONC_SD       LVCON_SD
              ________      ________      ________      ________      ________
 ARC_SD         0.001
 ARR_SD         0.000         0.001
 CONR_SD        0.000         0.000         0.002
 RONC_SD        0.000         0.000         0.000         0.000
 LVCON_SD       0.001         0.001         0.001         0.000         0.007
 LVRES_SD       0.001         0.001         0.002         0.000         0.005
 B_PHONE_       0.001         0.000         0.002         0.000         0.004
 B_VIDEO_       0.001         0.001         0.002         0.000         0.004
 B_TEXT_S       0.001         0.001         0.002         0.000         0.004
 B_RESP_S       0.000         0.000         0.000         0.000         0.002
 B_CONN_S       0.001         0.001         0.002         0.000         0.003
 B_RELAT_       0.000         0.000         0.000         0.000         0.002


           Covariances
              LVRES_SD      B_PHONE_      B_VIDEO_      B_TEXT_S      B_RESP_S
              ________      ________      ________      ________      ________
 LVRES_SD       0.007
 B_PHONE_       0.004         0.033
 B_VIDEO_       0.005         0.007         0.018
 B_TEXT_S       0.005         0.002         0.007         0.031
 B_RESP_S       0.001         0.001         0.001         0.001         0.003
 B_CONN_S       0.003         0.002         0.003         0.002         0.003
 B_RELAT_       0.002         0.002         0.002         0.001         0.001


           Covariances
              B_CONN_S      B_RELAT_
              ________      ________
 B_CONN_S       0.008
 B_RELAT_       0.002         0.001


           Correlations
              ARC_SD        ARR_SD        CONR_SD       RONC_SD       LVCON_SD
              ________      ________      ________      ________      ________
 ARC_SD         1.000
 ARR_SD         0.388         1.000
 CONR_SD        0.341         0.327         1.000
 RONC_SD        0.295         0.110        -0.214         1.000
 LVCON_SD       0.431         0.382         0.285         0.140         1.000
 LVRES_SD       0.351         0.363         0.429        -0.016         0.697
 B_PHONE_       0.190         0.097         0.205         0.016         0.283
 B_VIDEO_       0.243         0.201         0.276         0.080         0.372
 B_TEXT_S       0.329         0.239         0.225         0.172         0.238
 B_RESP_S       0.223         0.389        -0.091         0.205         0.503
 B_CONN_S       0.222         0.409         0.408        -0.146         0.421
 B_RELAT_       0.400         0.395         0.260         0.099         0.692


           Correlations
              LVRES_SD      B_PHONE_      B_VIDEO_      B_TEXT_S      B_RESP_S
              ________      ________      ________      ________      ________
 LVRES_SD       1.000
 B_PHONE_       0.233         1.000
 B_VIDEO_       0.472         0.300         1.000
 B_TEXT_S       0.310         0.059         0.306         1.000
 B_RESP_S       0.252         0.153         0.193         0.095         1.000
 B_CONN_S       0.376         0.132         0.283         0.128         0.601
 B_RELAT_       0.594         0.279         0.385         0.229         0.577


           Correlations
              B_CONN_S      B_RELAT_
              ________      ________
 B_CONN_S       1.000
 B_RELAT_       0.526         1.000


PLOT INFORMATION

The following plots are available:

  Histograms (sample values, estimated factor scores)
  Scatterplots (sample values, estimated factor scores)
  Between-level histograms (sample values, sample/estimated means/variances, estimated factor scores)
  Between-level scatterplots (sample values, sample/estimated means/variances, estimated factor scores)
  Two-level cluster-specific observed and estimated values plots
  Time series plots (sample values, ACF, PACF, estimated factor scores)
  Histogram of subjects per time point
  Time interval plots
  Sample proportions
  Bayesian posterior parameter distributions
  Bayesian posterior parameter trace plots
  Bayesian autocorrelation plots
  Bayesian prior parameter distributions
  Latent variable distribution plots

     Beginning Time:  09:12:05
        Ending Time:  13:15:55
       Elapsed Time:  04:03:50



MUTHEN & MUTHEN
3463 Stoner Ave.
Los Angeles, CA  90066

Tel: (310) 391-9971
Fax: (310) 391-8971
Web: www.StatModel.com
Support: Support@StatModel.com

Copyright (c) 1998-2021 Muthen & Muthen
